#
# There is insufficient memory for the Java Runtime Environment to continue.
# Native memory allocation (malloc) failed to allocate 1118016 bytes. Error detail: Chunk::new
# Possible reasons:
#   The system is out of physical RAM or swap space
#   This process is running with CompressedOops enabled, and the Java Heap may be blocking the growth of the native heap
# Possible solutions:
#   Reduce memory load on the system
#   Increase physical memory or swap space
#   Check if swap backing store is full
#   Decrease Java heap size (-Xmx/-Xms)
#   Decrease number of Java threads
#   Decrease Java thread stack sizes (-Xss)
#   Set larger code cache with -XX:ReservedCodeCacheSize=
#   JVM is running with Unscaled Compressed Oops mode in which the Java heap is
#     placed in the first 4GB address space. The Java Heap base address is the
#     maximum limit for the native heap growth. Please use -XX:HeapBaseMinAddress
#     to set the Java Heap base and to place the Java Heap above 4GB virtual address.
# This output file may be truncated or incomplete.
#
#  Out of Memory Error (arena.cpp:168), pid=12628, tid=5844
#
# JRE version: OpenJDK Runtime Environment Temurin-21.0.6+7 (21.0.6+7) (build 21.0.6+7-LTS)
# Java VM: OpenJDK 64-Bit Server VM Temurin-21.0.6+7 (21.0.6+7-LTS, mixed mode, sharing, tiered, compressed oops, compressed class ptrs, g1 gc, windows-amd64)
# No core dump will be written. Minidumps are not enabled by default on client versions of Windows
#

---------------  S U M M A R Y ------------

Command Line: -ea -Dfile.encoding=UTF-8 -Dstdout.encoding=UTF-8 -Dstderr.encoding=UTF-8 -XX:+ShowCodeDetailsInExceptionMessages org.testng.remote.RemoteTestNG -serport 51894 -protocol json -d D:\eclipse\TrackingDashboard\test-output C:\Users\cd03184\AppData\Local\Temp\testng-eclipse-226532456\testng-customsuite.xml

Host: Intel(R) Core(TM) i3-9100 CPU @ 3.60GHz, 4 cores, 7G,  Windows 10 , 64 bit Build 19041 (10.0.19041.2251)
Time: Wed Aug 20 11:28:11 2025 India Standard Time elapsed time: 1.496909 seconds (0d 0h 0m 1s)

---------------  T H R E A D  ---------------

Current thread (0x000002087f0062c0):  JavaThread "C2 CompilerThread0" daemon [_thread_in_native, id=5844, stack(0x000000a4b3b00000,0x000000a4b3c00000) (1024K)]


Current CompileTask:
C2:1496 1874       4       java.lang.invoke.MethodType::makeImpl (109 bytes)

Stack: [0x000000a4b3b00000,0x000000a4b3c00000]
Native frames: (J=compiled Java code, j=interpreted, Vv=VM code, C=native code)
V  [jvm.dll+0x6cdee9]
V  [jvm.dll+0x8a83d1]
V  [jvm.dll+0x8aa8fe]
V  [jvm.dll+0x8aafe3]
V  [jvm.dll+0x27f706]
V  [jvm.dll+0xc500d]
V  [jvm.dll+0xc5543]
V  [jvm.dll+0x2f2acd]
V  [jvm.dll+0x5f6a2a]
V  [jvm.dll+0x250bb2]
V  [jvm.dll+0x250f6f]
V  [jvm.dll+0x249834]
V  [jvm.dll+0x246ec4]
V  [jvm.dll+0x1c75ee]
V  [jvm.dll+0x25685a]
V  [jvm.dll+0x254dfa]
V  [jvm.dll+0x3f0256]
V  [jvm.dll+0x851f8b]
V  [jvm.dll+0x6cc5ed]
C  [ucrtbase.dll+0x21bb2]
C  [KERNEL32.DLL+0x174b4]
C  [ntdll.dll+0x526a1]


---------------  P R O C E S S  ---------------

Threads class SMR info:
_java_thread_list=0x0000020858b6e120, length=22, elements={
0x00000208787466e0, 0x000002087effb810, 0x000002087effcf10, 0x000002087f0012d0,
0x000002087f003090, 0x000002087f003ae0, 0x000002087f004530, 0x000002087f0062c0,
0x000002087f06cc40, 0x00000208580c4dc0, 0x00000208580de310, 0x0000020858768150,
0x0000020858f6bfc0, 0x0000020859100df0, 0x0000020859102060, 0x00000208591026c0,
0x0000020858a8dfa0, 0x0000020858a8e600, 0x0000020858f95990, 0x00000208590c08a0,
0x00000208590c0210, 0x00000208590c0f30
}

Java Threads: ( => current thread )
  0x00000208787466e0 JavaThread "Forwarding newSession on session null to remote"        [_thread_blocked, id=4196, stack(0x000000a4b2d00000,0x000000a4b2e00000) (1024K)]
  0x000002087effb810 JavaThread "Reference Handler"          daemon [_thread_blocked, id=5556, stack(0x000000a4b3500000,0x000000a4b3600000) (1024K)]
  0x000002087effcf10 JavaThread "Finalizer"                  daemon [_thread_blocked, id=15192, stack(0x000000a4b3600000,0x000000a4b3700000) (1024K)]
  0x000002087f0012d0 JavaThread "Signal Dispatcher"          daemon [_thread_blocked, id=15832, stack(0x000000a4b3700000,0x000000a4b3800000) (1024K)]
  0x000002087f003090 JavaThread "Attach Listener"            daemon [_thread_blocked, id=5040, stack(0x000000a4b3800000,0x000000a4b3900000) (1024K)]
  0x000002087f003ae0 JavaThread "Service Thread"             daemon [_thread_blocked, id=11808, stack(0x000000a4b3900000,0x000000a4b3a00000) (1024K)]
  0x000002087f004530 JavaThread "Monitor Deflation Thread"   daemon [_thread_blocked, id=10704, stack(0x000000a4b3a00000,0x000000a4b3b00000) (1024K)]
=>0x000002087f0062c0 JavaThread "C2 CompilerThread0"         daemon [_thread_in_native, id=5844, stack(0x000000a4b3b00000,0x000000a4b3c00000) (1024K)]
  0x000002087f06cc40 JavaThread "C1 CompilerThread0"         daemon [_thread_blocked, id=15624, stack(0x000000a4b3c00000,0x000000a4b3d00000) (1024K)]
  0x00000208580c4dc0 JavaThread "Notification Thread"        daemon [_thread_blocked, id=4452, stack(0x000000a4b3d00000,0x000000a4b3e00000) (1024K)]
  0x00000208580de310 JavaThread "Common-Cleaner"             daemon [_thread_blocked, id=9244, stack(0x000000a4b3e00000,0x000000a4b3f00000) (1024K)]
  0x0000020858768150 JavaThread "ReaderThread"                      [_thread_in_native, id=14704, stack(0x000000a4b4100000,0x000000a4b4200000) (1024K)]
  0x0000020858f6bfc0 JavaThread "ForkJoinPool.commonPool-worker-1" daemon [_thread_blocked, id=6168, stack(0x000000a4b4500000,0x000000a4b4600000) (1024K)]
  0x0000020859100df0 JavaThread "HttpClient-1-SelectorManager" daemon [_thread_in_native, id=15320, stack(0x000000a4b4600000,0x000000a4b4700000) (1024K)]
  0x0000020859102060 JavaThread "External Process Output Forwarder - C:\Users\cd03184\.cache\selenium\chromedriver\win64\139.0.7258.138\chromedriver.exe" daemon [_thread_in_native, id=2828, stack(0x000000a4b4700000,0x000000a4b4800000) (1024K)]
  0x00000208591026c0 JavaThread "Driver Service Executor"    daemon [_thread_blocked, id=14904, stack(0x000000a4b4800000,0x000000a4b4900000) (1024K)]
  0x0000020858a8dfa0 JavaThread "Driver Service Executor"    daemon [_thread_in_native, id=1496, stack(0x000000a4b4900000,0x000000a4b4a00000) (1024K)]
  0x0000020858a8e600 JavaThread "UrlChecker-2"               daemon [_thread_blocked, id=15100, stack(0x000000a4b4a00000,0x000000a4b4b00000) (1024K)]
  0x0000020858f95990 JavaThread "Keep-Alive-Timer"           daemon [_thread_blocked, id=8516, stack(0x000000a4b4b00000,0x000000a4b4c00000) (1024K)]
  0x00000208590c08a0 JavaThread "JdkHttpClient-0-0"          daemon [_thread_blocked, id=3704, stack(0x000000a4b3f00000,0x000000a4b4000000) (1024K)]
  0x00000208590c0210 JavaThread "JdkHttpClient-0-1"          daemon [_thread_blocked, id=3320, stack(0x000000a4b4c00000,0x000000a4b4d00000) (1024K)]
  0x00000208590c0f30 JavaThread "JdkHttpClient-0-2"          daemon [_thread_blocked, id=12036, stack(0x000000a4b4d00000,0x000000a4b4e00000) (1024K)]
Total: 22

Other Threads:
  0x000002087efddd00 VMThread "VM Thread"                           [id=15480, stack(0x000000a4b3400000,0x000000a4b3500000) (1024K)]
  0x000002087efcdfc0 WatcherThread "VM Periodic Task Thread"        [id=13364, stack(0x000000a4b3300000,0x000000a4b3400000) (1024K)]
  0x000002087aa25490 WorkerThread "GC Thread#0"                     [id=6424, stack(0x000000a4b2e00000,0x000000a4b2f00000) (1024K)]
  0x0000020858690280 WorkerThread "GC Thread#1"                     [id=6164, stack(0x000000a4b4200000,0x000000a4b4300000) (1024K)]
  0x00000208589cdb70 WorkerThread "GC Thread#2"                     [id=6588, stack(0x000000a4b4300000,0x000000a4b4400000) (1024K)]
  0x00000208589cdf10 WorkerThread "GC Thread#3"                     [id=9556, stack(0x000000a4b4400000,0x000000a4b4500000) (1024K)]
  0x000002087aa365d0 ConcurrentGCThread "G1 Main Marker"            [id=11404, stack(0x000000a4b2f00000,0x000000a4b3000000) (1024K)]
  0x000002087aa36fe0 WorkerThread "G1 Conc#0"                       [id=5468, stack(0x000000a4b3000000,0x000000a4b3100000) (1024K)]
  0x000002087eea24c0 ConcurrentGCThread "G1 Refine#0"               [id=6832, stack(0x000000a4b3100000,0x000000a4b3200000) (1024K)]
  0x000002087aa9cc90 ConcurrentGCThread "G1 Service"                [id=12764, stack(0x000000a4b3200000,0x000000a4b3300000) (1024K)]
Total: 10

Threads with active compile tasks:
C2 CompilerThread0  1517 1874       4       java.lang.invoke.MethodType::makeImpl (109 bytes)
Total: 1

VM state: not at safepoint (normal execution)

VM Mutex/Monitor currently owned by a thread: None

Heap address: 0x0000000082e00000, size: 2002 MB, Compressed Oops mode: 32-bit

CDS archive(s) mapped at: [0x0000020813000000-0x0000020813c80000-0x0000020813c80000), size 13107200, SharedBaseAddress: 0x0000020813000000, ArchiveRelocationMode: 1.
Compressed class space mapped at: 0x0000020814000000-0x0000020854000000, reserved size: 1073741824
Narrow klass base: 0x0000020813000000, Narrow klass shift: 0, Narrow klass range: 0x100000000

GC Precious Log:
 CardTable entry size: 512
 Card Set container configuration: InlinePtr #cards 5 size 8 Array Of Cards #cards 12 size 40 Howl #buckets 4 coarsen threshold 1843 Howl Bitmap #cards 512 size 80 coarsen threshold 460 Card regions per heap region 1 cards per card region 2048
 CPUs: 4 total, 4 available
 Memory: 8001M
 Large Page Support: Disabled
 NUMA Support: Disabled
 Compressed Oops: Enabled (32-bit)
 Heap Region Size: 1M
 Heap Min Capacity: 8M
 Heap Initial Capacity: 126M
 Heap Max Capacity: 2002M
 Pre-touch: Disabled
 Parallel Workers: 4
 Concurrent Workers: 1
 Concurrent Refinement Workers: 4
 Periodic GC: Disabled

Heap:
 garbage-first heap   total 129024K, used 21953K [0x0000000082e00000, 0x0000000100000000)
  region size 1024K, 18 young (18432K), 3 survivors (3072K)
 Metaspace       used 15316K, committed 15744K, reserved 1114112K
  class space    used 1805K, committed 1984K, reserved 1048576K

Heap Regions: E=young(eden), S=young(survivor), O=old, HS=humongous(starts), HC=humongous(continues), CS=collection set, F=free, TAMS=top-at-mark-start, PB=parsable bottom
|   0|0x0000000082e00000, 0x0000000082f00000, 0x0000000082f00000|100%| O|  |TAMS 0x0000000082e00000| PB 0x0000000082e00000| Untracked 
|   1|0x0000000082f00000, 0x0000000083000000, 0x0000000083000000|100%| O|  |TAMS 0x0000000082f00000| PB 0x0000000082f00000| Untracked 
|   2|0x0000000083000000, 0x0000000083100000, 0x0000000083100000|100%| O|  |TAMS 0x0000000083000000| PB 0x0000000083000000| Untracked 
|   3|0x0000000083100000, 0x0000000083200000, 0x0000000083200000|100%| O|  |TAMS 0x0000000083100000| PB 0x0000000083100000| Untracked 
|   4|0x0000000083200000, 0x0000000083270530, 0x0000000083300000| 43%| O|  |TAMS 0x0000000083200000| PB 0x0000000083200000| Untracked 
|   5|0x0000000083300000, 0x0000000083300000, 0x0000000083400000|  0%| F|  |TAMS 0x0000000083300000| PB 0x0000000083300000| Untracked 
|   6|0x0000000083400000, 0x0000000083400000, 0x0000000083500000|  0%| F|  |TAMS 0x0000000083400000| PB 0x0000000083400000| Untracked 
|   7|0x0000000083500000, 0x0000000083500000, 0x0000000083600000|  0%| F|  |TAMS 0x0000000083500000| PB 0x0000000083500000| Untracked 
|   8|0x0000000083600000, 0x0000000083600000, 0x0000000083700000|  0%| F|  |TAMS 0x0000000083600000| PB 0x0000000083600000| Untracked 
|   9|0x0000000083700000, 0x0000000083700000, 0x0000000083800000|  0%| F|  |TAMS 0x0000000083700000| PB 0x0000000083700000| Untracked 
|  10|0x0000000083800000, 0x0000000083800000, 0x0000000083900000|  0%| F|  |TAMS 0x0000000083800000| PB 0x0000000083800000| Untracked 
|  11|0x0000000083900000, 0x0000000083900000, 0x0000000083a00000|  0%| F|  |TAMS 0x0000000083900000| PB 0x0000000083900000| Untracked 
|  12|0x0000000083a00000, 0x0000000083a00000, 0x0000000083b00000|  0%| F|  |TAMS 0x0000000083a00000| PB 0x0000000083a00000| Untracked 
|  13|0x0000000083b00000, 0x0000000083b00000, 0x0000000083c00000|  0%| F|  |TAMS 0x0000000083b00000| PB 0x0000000083b00000| Untracked 
|  14|0x0000000083c00000, 0x0000000083c00000, 0x0000000083d00000|  0%| F|  |TAMS 0x0000000083c00000| PB 0x0000000083c00000| Untracked 
|  15|0x0000000083d00000, 0x0000000083d00000, 0x0000000083e00000|  0%| F|  |TAMS 0x0000000083d00000| PB 0x0000000083d00000| Untracked 
|  16|0x0000000083e00000, 0x0000000083e00000, 0x0000000083f00000|  0%| F|  |TAMS 0x0000000083e00000| PB 0x0000000083e00000| Untracked 
|  17|0x0000000083f00000, 0x0000000083f00000, 0x0000000084000000|  0%| F|  |TAMS 0x0000000083f00000| PB 0x0000000083f00000| Untracked 
|  18|0x0000000084000000, 0x0000000084000000, 0x0000000084100000|  0%| F|  |TAMS 0x0000000084000000| PB 0x0000000084000000| Untracked 
|  19|0x0000000084100000, 0x0000000084100000, 0x0000000084200000|  0%| F|  |TAMS 0x0000000084100000| PB 0x0000000084100000| Untracked 
|  20|0x0000000084200000, 0x0000000084200000, 0x0000000084300000|  0%| F|  |TAMS 0x0000000084200000| PB 0x0000000084200000| Untracked 
|  21|0x0000000084300000, 0x0000000084300000, 0x0000000084400000|  0%| F|  |TAMS 0x0000000084300000| PB 0x0000000084300000| Untracked 
|  22|0x0000000084400000, 0x0000000084400000, 0x0000000084500000|  0%| F|  |TAMS 0x0000000084400000| PB 0x0000000084400000| Untracked 
|  23|0x0000000084500000, 0x0000000084500000, 0x0000000084600000|  0%| F|  |TAMS 0x0000000084500000| PB 0x0000000084500000| Untracked 
|  24|0x0000000084600000, 0x0000000084600000, 0x0000000084700000|  0%| F|  |TAMS 0x0000000084600000| PB 0x0000000084600000| Untracked 
|  25|0x0000000084700000, 0x0000000084700000, 0x0000000084800000|  0%| F|  |TAMS 0x0000000084700000| PB 0x0000000084700000| Untracked 
|  26|0x0000000084800000, 0x0000000084800000, 0x0000000084900000|  0%| F|  |TAMS 0x0000000084800000| PB 0x0000000084800000| Untracked 
|  27|0x0000000084900000, 0x0000000084900000, 0x0000000084a00000|  0%| F|  |TAMS 0x0000000084900000| PB 0x0000000084900000| Untracked 
|  28|0x0000000084a00000, 0x0000000084a00000, 0x0000000084b00000|  0%| F|  |TAMS 0x0000000084a00000| PB 0x0000000084a00000| Untracked 
|  29|0x0000000084b00000, 0x0000000084b00000, 0x0000000084c00000|  0%| F|  |TAMS 0x0000000084b00000| PB 0x0000000084b00000| Untracked 
|  30|0x0000000084c00000, 0x0000000084c00000, 0x0000000084d00000|  0%| F|  |TAMS 0x0000000084c00000| PB 0x0000000084c00000| Untracked 
|  31|0x0000000084d00000, 0x0000000084d00000, 0x0000000084e00000|  0%| F|  |TAMS 0x0000000084d00000| PB 0x0000000084d00000| Untracked 
|  32|0x0000000084e00000, 0x0000000084e00000, 0x0000000084f00000|  0%| F|  |TAMS 0x0000000084e00000| PB 0x0000000084e00000| Untracked 
|  33|0x0000000084f00000, 0x0000000084f00000, 0x0000000085000000|  0%| F|  |TAMS 0x0000000084f00000| PB 0x0000000084f00000| Untracked 
|  34|0x0000000085000000, 0x0000000085000000, 0x0000000085100000|  0%| F|  |TAMS 0x0000000085000000| PB 0x0000000085000000| Untracked 
|  35|0x0000000085100000, 0x0000000085100000, 0x0000000085200000|  0%| F|  |TAMS 0x0000000085100000| PB 0x0000000085100000| Untracked 
|  36|0x0000000085200000, 0x0000000085200000, 0x0000000085300000|  0%| F|  |TAMS 0x0000000085200000| PB 0x0000000085200000| Untracked 
|  37|0x0000000085300000, 0x0000000085300000, 0x0000000085400000|  0%| F|  |TAMS 0x0000000085300000| PB 0x0000000085300000| Untracked 
|  38|0x0000000085400000, 0x0000000085400000, 0x0000000085500000|  0%| F|  |TAMS 0x0000000085400000| PB 0x0000000085400000| Untracked 
|  39|0x0000000085500000, 0x0000000085500000, 0x0000000085600000|  0%| F|  |TAMS 0x0000000085500000| PB 0x0000000085500000| Untracked 
|  40|0x0000000085600000, 0x0000000085600000, 0x0000000085700000|  0%| F|  |TAMS 0x0000000085600000| PB 0x0000000085600000| Untracked 
|  41|0x0000000085700000, 0x0000000085700000, 0x0000000085800000|  0%| F|  |TAMS 0x0000000085700000| PB 0x0000000085700000| Untracked 
|  42|0x0000000085800000, 0x0000000085800000, 0x0000000085900000|  0%| F|  |TAMS 0x0000000085800000| PB 0x0000000085800000| Untracked 
|  43|0x0000000085900000, 0x0000000085900000, 0x0000000085a00000|  0%| F|  |TAMS 0x0000000085900000| PB 0x0000000085900000| Untracked 
|  44|0x0000000085a00000, 0x0000000085a00000, 0x0000000085b00000|  0%| F|  |TAMS 0x0000000085a00000| PB 0x0000000085a00000| Untracked 
|  45|0x0000000085b00000, 0x0000000085b00000, 0x0000000085c00000|  0%| F|  |TAMS 0x0000000085b00000| PB 0x0000000085b00000| Untracked 
|  46|0x0000000085c00000, 0x0000000085c00000, 0x0000000085d00000|  0%| F|  |TAMS 0x0000000085c00000| PB 0x0000000085c00000| Untracked 
|  47|0x0000000085d00000, 0x0000000085d00000, 0x0000000085e00000|  0%| F|  |TAMS 0x0000000085d00000| PB 0x0000000085d00000| Untracked 
|  48|0x0000000085e00000, 0x0000000085e00000, 0x0000000085f00000|  0%| F|  |TAMS 0x0000000085e00000| PB 0x0000000085e00000| Untracked 
|  49|0x0000000085f00000, 0x0000000085f00000, 0x0000000086000000|  0%| F|  |TAMS 0x0000000085f00000| PB 0x0000000085f00000| Untracked 
|  50|0x0000000086000000, 0x0000000086000000, 0x0000000086100000|  0%| F|  |TAMS 0x0000000086000000| PB 0x0000000086000000| Untracked 
|  51|0x0000000086100000, 0x0000000086100000, 0x0000000086200000|  0%| F|  |TAMS 0x0000000086100000| PB 0x0000000086100000| Untracked 
|  52|0x0000000086200000, 0x0000000086200000, 0x0000000086300000|  0%| F|  |TAMS 0x0000000086200000| PB 0x0000000086200000| Untracked 
|  53|0x0000000086300000, 0x0000000086300000, 0x0000000086400000|  0%| F|  |TAMS 0x0000000086300000| PB 0x0000000086300000| Untracked 
|  54|0x0000000086400000, 0x0000000086400000, 0x0000000086500000|  0%| F|  |TAMS 0x0000000086400000| PB 0x0000000086400000| Untracked 
|  55|0x0000000086500000, 0x0000000086500000, 0x0000000086600000|  0%| F|  |TAMS 0x0000000086500000| PB 0x0000000086500000| Untracked 
|  56|0x0000000086600000, 0x0000000086600000, 0x0000000086700000|  0%| F|  |TAMS 0x0000000086600000| PB 0x0000000086600000| Untracked 
|  57|0x0000000086700000, 0x0000000086700000, 0x0000000086800000|  0%| F|  |TAMS 0x0000000086700000| PB 0x0000000086700000| Untracked 
|  58|0x0000000086800000, 0x0000000086800000, 0x0000000086900000|  0%| F|  |TAMS 0x0000000086800000| PB 0x0000000086800000| Untracked 
|  59|0x0000000086900000, 0x0000000086900000, 0x0000000086a00000|  0%| F|  |TAMS 0x0000000086900000| PB 0x0000000086900000| Untracked 
|  60|0x0000000086a00000, 0x0000000086a00000, 0x0000000086b00000|  0%| F|  |TAMS 0x0000000086a00000| PB 0x0000000086a00000| Untracked 
|  61|0x0000000086b00000, 0x0000000086b00000, 0x0000000086c00000|  0%| F|  |TAMS 0x0000000086b00000| PB 0x0000000086b00000| Untracked 
|  62|0x0000000086c00000, 0x0000000086c00000, 0x0000000086d00000|  0%| F|  |TAMS 0x0000000086c00000| PB 0x0000000086c00000| Untracked 
|  63|0x0000000086d00000, 0x0000000086d00000, 0x0000000086e00000|  0%| F|  |TAMS 0x0000000086d00000| PB 0x0000000086d00000| Untracked 
|  64|0x0000000086e00000, 0x0000000086e00000, 0x0000000086f00000|  0%| F|  |TAMS 0x0000000086e00000| PB 0x0000000086e00000| Untracked 
|  65|0x0000000086f00000, 0x0000000086f00000, 0x0000000087000000|  0%| F|  |TAMS 0x0000000086f00000| PB 0x0000000086f00000| Untracked 
|  66|0x0000000087000000, 0x0000000087000000, 0x0000000087100000|  0%| F|  |TAMS 0x0000000087000000| PB 0x0000000087000000| Untracked 
|  67|0x0000000087100000, 0x0000000087100000, 0x0000000087200000|  0%| F|  |TAMS 0x0000000087100000| PB 0x0000000087100000| Untracked 
|  68|0x0000000087200000, 0x0000000087200000, 0x0000000087300000|  0%| F|  |TAMS 0x0000000087200000| PB 0x0000000087200000| Untracked 
|  69|0x0000000087300000, 0x0000000087300000, 0x0000000087400000|  0%| F|  |TAMS 0x0000000087300000| PB 0x0000000087300000| Untracked 
|  70|0x0000000087400000, 0x0000000087400000, 0x0000000087500000|  0%| F|  |TAMS 0x0000000087400000| PB 0x0000000087400000| Untracked 
|  71|0x0000000087500000, 0x0000000087500000, 0x0000000087600000|  0%| F|  |TAMS 0x0000000087500000| PB 0x0000000087500000| Untracked 
|  72|0x0000000087600000, 0x0000000087600000, 0x0000000087700000|  0%| F|  |TAMS 0x0000000087600000| PB 0x0000000087600000| Untracked 
|  73|0x0000000087700000, 0x0000000087700000, 0x0000000087800000|  0%| F|  |TAMS 0x0000000087700000| PB 0x0000000087700000| Untracked 
|  74|0x0000000087800000, 0x0000000087800000, 0x0000000087900000|  0%| F|  |TAMS 0x0000000087800000| PB 0x0000000087800000| Untracked 
|  75|0x0000000087900000, 0x0000000087900000, 0x0000000087a00000|  0%| F|  |TAMS 0x0000000087900000| PB 0x0000000087900000| Untracked 
|  76|0x0000000087a00000, 0x0000000087a00000, 0x0000000087b00000|  0%| F|  |TAMS 0x0000000087a00000| PB 0x0000000087a00000| Untracked 
|  77|0x0000000087b00000, 0x0000000087b00000, 0x0000000087c00000|  0%| F|  |TAMS 0x0000000087b00000| PB 0x0000000087b00000| Untracked 
|  78|0x0000000087c00000, 0x0000000087c00000, 0x0000000087d00000|  0%| F|  |TAMS 0x0000000087c00000| PB 0x0000000087c00000| Untracked 
|  79|0x0000000087d00000, 0x0000000087d00000, 0x0000000087e00000|  0%| F|  |TAMS 0x0000000087d00000| PB 0x0000000087d00000| Untracked 
|  80|0x0000000087e00000, 0x0000000087e00000, 0x0000000087f00000|  0%| F|  |TAMS 0x0000000087e00000| PB 0x0000000087e00000| Untracked 
|  81|0x0000000087f00000, 0x0000000087f00000, 0x0000000088000000|  0%| F|  |TAMS 0x0000000087f00000| PB 0x0000000087f00000| Untracked 
|  82|0x0000000088000000, 0x0000000088000000, 0x0000000088100000|  0%| F|  |TAMS 0x0000000088000000| PB 0x0000000088000000| Untracked 
|  83|0x0000000088100000, 0x0000000088100000, 0x0000000088200000|  0%| F|  |TAMS 0x0000000088100000| PB 0x0000000088100000| Untracked 
|  84|0x0000000088200000, 0x0000000088200000, 0x0000000088300000|  0%| F|  |TAMS 0x0000000088200000| PB 0x0000000088200000| Untracked 
|  85|0x0000000088300000, 0x0000000088300000, 0x0000000088400000|  0%| F|  |TAMS 0x0000000088300000| PB 0x0000000088300000| Untracked 
|  86|0x0000000088400000, 0x0000000088400000, 0x0000000088500000|  0%| F|  |TAMS 0x0000000088400000| PB 0x0000000088400000| Untracked 
|  87|0x0000000088500000, 0x0000000088500000, 0x0000000088600000|  0%| F|  |TAMS 0x0000000088500000| PB 0x0000000088500000| Untracked 
|  88|0x0000000088600000, 0x0000000088600000, 0x0000000088700000|  0%| F|  |TAMS 0x0000000088600000| PB 0x0000000088600000| Untracked 
|  89|0x0000000088700000, 0x0000000088700000, 0x0000000088800000|  0%| F|  |TAMS 0x0000000088700000| PB 0x0000000088700000| Untracked 
|  90|0x0000000088800000, 0x0000000088800000, 0x0000000088900000|  0%| F|  |TAMS 0x0000000088800000| PB 0x0000000088800000| Untracked 
|  91|0x0000000088900000, 0x0000000088900000, 0x0000000088a00000|  0%| F|  |TAMS 0x0000000088900000| PB 0x0000000088900000| Untracked 
|  92|0x0000000088a00000, 0x0000000088a00000, 0x0000000088b00000|  0%| F|  |TAMS 0x0000000088a00000| PB 0x0000000088a00000| Untracked 
|  93|0x0000000088b00000, 0x0000000088b00000, 0x0000000088c00000|  0%| F|  |TAMS 0x0000000088b00000| PB 0x0000000088b00000| Untracked 
|  94|0x0000000088c00000, 0x0000000088c00000, 0x0000000088d00000|  0%| F|  |TAMS 0x0000000088c00000| PB 0x0000000088c00000| Untracked 
|  95|0x0000000088d00000, 0x0000000088d00000, 0x0000000088e00000|  0%| F|  |TAMS 0x0000000088d00000| PB 0x0000000088d00000| Untracked 
|  96|0x0000000088e00000, 0x0000000088e00000, 0x0000000088f00000|  0%| F|  |TAMS 0x0000000088e00000| PB 0x0000000088e00000| Untracked 
|  97|0x0000000088f00000, 0x0000000088f00000, 0x0000000089000000|  0%| F|  |TAMS 0x0000000088f00000| PB 0x0000000088f00000| Untracked 
|  98|0x0000000089000000, 0x0000000089000000, 0x0000000089100000|  0%| F|  |TAMS 0x0000000089000000| PB 0x0000000089000000| Untracked 
|  99|0x0000000089100000, 0x0000000089100000, 0x0000000089200000|  0%| F|  |TAMS 0x0000000089100000| PB 0x0000000089100000| Untracked 
| 100|0x0000000089200000, 0x0000000089200000, 0x0000000089300000|  0%| F|  |TAMS 0x0000000089200000| PB 0x0000000089200000| Untracked 
| 101|0x0000000089300000, 0x0000000089300000, 0x0000000089400000|  0%| F|  |TAMS 0x0000000089300000| PB 0x0000000089300000| Untracked 
| 102|0x0000000089400000, 0x0000000089400000, 0x0000000089500000|  0%| F|  |TAMS 0x0000000089400000| PB 0x0000000089400000| Untracked 
| 103|0x0000000089500000, 0x0000000089500000, 0x0000000089600000|  0%| F|  |TAMS 0x0000000089500000| PB 0x0000000089500000| Untracked 
| 104|0x0000000089600000, 0x0000000089600000, 0x0000000089700000|  0%| F|  |TAMS 0x0000000089600000| PB 0x0000000089600000| Untracked 
| 105|0x0000000089700000, 0x0000000089800000, 0x0000000089800000|100%| S|CS|TAMS 0x0000000089700000| PB 0x0000000089700000| Complete 
| 106|0x0000000089800000, 0x0000000089900000, 0x0000000089900000|100%| S|CS|TAMS 0x0000000089800000| PB 0x0000000089800000| Complete 
| 107|0x0000000089900000, 0x0000000089a00000, 0x0000000089a00000|100%| S|CS|TAMS 0x0000000089900000| PB 0x0000000089900000| Complete 
| 108|0x0000000089a00000, 0x0000000089a00000, 0x0000000089b00000|  0%| F|  |TAMS 0x0000000089a00000| PB 0x0000000089a00000| Untracked 
| 109|0x0000000089b00000, 0x0000000089b00000, 0x0000000089c00000|  0%| F|  |TAMS 0x0000000089b00000| PB 0x0000000089b00000| Untracked 
| 110|0x0000000089c00000, 0x0000000089c00000, 0x0000000089d00000|  0%| F|  |TAMS 0x0000000089c00000| PB 0x0000000089c00000| Untracked 
| 111|0x0000000089d00000, 0x0000000089d5c2a0, 0x0000000089e00000| 36%| E|  |TAMS 0x0000000089d00000| PB 0x0000000089d00000| Complete 
| 112|0x0000000089e00000, 0x0000000089f00000, 0x0000000089f00000|100%| E|CS|TAMS 0x0000000089e00000| PB 0x0000000089e00000| Complete 
| 113|0x0000000089f00000, 0x000000008a000000, 0x000000008a000000|100%| E|CS|TAMS 0x0000000089f00000| PB 0x0000000089f00000| Complete 
| 114|0x000000008a000000, 0x000000008a100000, 0x000000008a100000|100%| E|CS|TAMS 0x000000008a000000| PB 0x000000008a000000| Complete 
| 115|0x000000008a100000, 0x000000008a200000, 0x000000008a200000|100%| E|CS|TAMS 0x000000008a100000| PB 0x000000008a100000| Complete 
| 116|0x000000008a200000, 0x000000008a300000, 0x000000008a300000|100%| E|CS|TAMS 0x000000008a200000| PB 0x000000008a200000| Complete 
| 117|0x000000008a300000, 0x000000008a400000, 0x000000008a400000|100%| E|CS|TAMS 0x000000008a300000| PB 0x000000008a300000| Complete 
| 118|0x000000008a400000, 0x000000008a500000, 0x000000008a500000|100%| E|CS|TAMS 0x000000008a400000| PB 0x000000008a400000| Complete 
| 119|0x000000008a500000, 0x000000008a600000, 0x000000008a600000|100%| E|CS|TAMS 0x000000008a500000| PB 0x000000008a500000| Complete 
| 120|0x000000008a600000, 0x000000008a700000, 0x000000008a700000|100%| E|CS|TAMS 0x000000008a600000| PB 0x000000008a600000| Complete 
| 121|0x000000008a700000, 0x000000008a800000, 0x000000008a800000|100%| E|CS|TAMS 0x000000008a700000| PB 0x000000008a700000| Complete 
| 122|0x000000008a800000, 0x000000008a900000, 0x000000008a900000|100%| E|CS|TAMS 0x000000008a800000| PB 0x000000008a800000| Complete 
| 123|0x000000008a900000, 0x000000008aa00000, 0x000000008aa00000|100%| E|CS|TAMS 0x000000008a900000| PB 0x000000008a900000| Complete 
| 124|0x000000008aa00000, 0x000000008ab00000, 0x000000008ab00000|100%| E|CS|TAMS 0x000000008aa00000| PB 0x000000008aa00000| Complete 
| 125|0x000000008ab00000, 0x000000008ac00000, 0x000000008ac00000|100%| E|CS|TAMS 0x000000008ab00000| PB 0x000000008ab00000| Complete 

Card table byte_map: [0x000002087e760000,0x000002087eb50000] _byte_map_base: 0x000002087e349000

Marking Bits: (CMBitMap*) 0x000002087aa262b0
 Bits: [0x000002080f000000, 0x0000020810f48000)

Polling page: 0x00000208786c0000

Metaspace:

Usage:
  Non-class:     13.19 MB used.
      Class:      1.76 MB used.
       Both:     14.96 MB used.

Virtual space:
  Non-class space:       64.00 MB reserved,      13.44 MB ( 21%) committed,  1 nodes.
      Class space:        1.00 GB reserved,       1.94 MB ( <1%) committed,  1 nodes.
             Both:        1.06 GB reserved,      15.38 MB (  1%) committed. 

Chunk freelists:
   Non-Class:  2.05 MB
       Class:  13.98 MB
        Both:  16.03 MB

MaxMetaspaceSize: unlimited
CompressedClassSpaceSize: 1.00 GB
Initial GC threshold: 21.00 MB
Current GC threshold: 21.00 MB
CDS: on
 - commit_granule_bytes: 65536.
 - commit_granule_words: 8192.
 - virtual_space_node_default_size: 8388608.
 - enlarge_chunks_in_place: 1.
 - use_allocation_guard: 0.


Internal statistics:

num_allocs_failed_limit: 0.
num_arena_births: 376.
num_arena_deaths: 0.
num_vsnodes_births: 2.
num_vsnodes_deaths: 0.
num_space_committed: 246.
num_space_uncommitted: 0.
num_chunks_returned_to_freelist: 0.
num_chunks_taken_from_freelist: 772.
num_chunk_merges: 0.
num_chunk_splits: 461.
num_chunks_enlarged: 276.
num_inconsistent_stats: 0.

CodeHeap 'non-profiled nmethods': size=120000Kb used=692Kb max_used=692Kb free=119307Kb
 bounds [0x0000020807ad0000, 0x0000020807d40000, 0x000002080f000000]
CodeHeap 'profiled nmethods': size=120000Kb used=3556Kb max_used=3556Kb free=116443Kb
 bounds [0x0000020800000000, 0x0000020800380000, 0x0000020807530000]
CodeHeap 'non-nmethods': size=5760Kb used=1481Kb max_used=1491Kb free=4278Kb
 bounds [0x0000020807530000, 0x00000208077a0000, 0x0000020807ad0000]
 total_blobs=2503 nmethods=1944 adapters=464
 compilation: enabled
              stopped_count=0, restarted_count=0
 full_count=0

Compilation events (20 events):
Event: 1.455 Thread 0x000002087f06cc40 1935       3       java.lang.invoke.InnerClassLambdaMetafactory::getReturnOpcode (20 bytes)
Event: 1.455 Thread 0x000002087f06cc40 nmethod 1935 0x0000020800374e10 code [0x0000020800374fc0, 0x0000020800375140]
Event: 1.455 Thread 0x000002087f06cc40 1936       3       java.nio.HeapByteBuffer::getLong (30 bytes)
Event: 1.456 Thread 0x000002087f06cc40 nmethod 1936 0x0000020800375210 code [0x0000020800375480, 0x0000020800375e60]
Event: 1.456 Thread 0x000002087f06cc40 1937   !   3       jdk.internal.misc.ScopedMemoryAccess::getLongUnaligned (18 bytes)
Event: 1.456 Thread 0x000002087f06cc40 nmethod 1937 0x0000020800376290 code [0x0000020800376480, 0x0000020800376948]
Event: 1.456 Thread 0x000002087f06cc40 1938   !   3       jdk.internal.misc.ScopedMemoryAccess::getLongUnalignedInternal (36 bytes)
Event: 1.456 Thread 0x000002087f06cc40 nmethod 1938 0x0000020800376c10 code [0x0000020800376de0, 0x0000020800377170]
Event: 1.460 Thread 0x000002087f06cc40 1939       3       java.util.ImmutableCollections$Set12::contains (28 bytes)
Event: 1.461 Thread 0x000002087f06cc40 nmethod 1939 0x0000020800377390 code [0x0000020800377560, 0x0000020800377898]
Event: 1.463 Thread 0x000002087f06cc40 1940       3       java.util.zip.Inflater$InflaterZStreamRef::<init> (30 bytes)
Event: 1.464 Thread 0x000002087f06cc40 nmethod 1940 0x0000020800377990 code [0x0000020800377b60, 0x0000020800377e28]
Event: 1.465 Thread 0x000002087f06cc40 1942       3       java.lang.Thread::onSpinWait (1 bytes)
Event: 1.465 Thread 0x000002087f06cc40 nmethod 1942 0x0000020800377f10 code [0x00000208003780a0, 0x0000020800378188]
Event: 1.466 Thread 0x000002087f06cc40 1943       3       java.lang.invoke.DelegatingMethodHandle::<init> (10 bytes)
Event: 1.466 Thread 0x000002087f06cc40 nmethod 1943 0x0000020800378210 code [0x00000208003783e0, 0x00000208003787a0]
Event: 1.466 Thread 0x000002087f06cc40 1944       3       java.lang.invoke.DelegatingMethodHandle::chooseDelegatingForm (24 bytes)
Event: 1.467 Thread 0x000002087f06cc40 nmethod 1944 0x0000020800378910 code [0x0000020800378ae0, 0x0000020800378e00]
Event: 1.467 Thread 0x000002087f06cc40 1945       3       java.lang.Math::addExact (32 bytes)
Event: 1.467 Thread 0x000002087f06cc40 nmethod 1945 0x0000020800378f10 code [0x00000208003790c0, 0x00000208003792c0]

GC Heap History (4 events):
Event: 0.459 GC heap before
{Heap before GC invocations=0 (full 0):
 garbage-first heap   total 129024K, used 12288K [0x0000000082e00000, 0x0000000100000000)
  region size 1024K, 13 young (13312K), 0 survivors (0K)
 Metaspace       used 5832K, committed 6016K, reserved 1114112K
  class space    used 623K, committed 704K, reserved 1048576K
}
Event: 0.462 GC heap after
{Heap after GC invocations=1 (full 0):
 garbage-first heap   total 129024K, used 3688K [0x0000000082e00000, 0x0000000100000000)
  region size 1024K, 2 young (2048K), 2 survivors (2048K)
 Metaspace       used 5832K, committed 6016K, reserved 1114112K
  class space    used 623K, committed 704K, reserved 1048576K
}
Event: 1.164 GC heap before
{Heap before GC invocations=1 (full 0):
 garbage-first heap   total 129024K, used 19048K [0x0000000082e00000, 0x0000000100000000)
  region size 1024K, 18 young (18432K), 2 survivors (2048K)
 Metaspace       used 11738K, committed 12096K, reserved 1114112K
  class space    used 1351K, committed 1536K, reserved 1048576K
}
Event: 1.167 GC heap after
{Heap after GC invocations=2 (full 0):
 garbage-first heap   total 129024K, used 7617K [0x0000000082e00000, 0x0000000100000000)
  region size 1024K, 3 young (3072K), 3 survivors (3072K)
 Metaspace       used 11738K, committed 12096K, reserved 1114112K
  class space    used 1351K, committed 1536K, reserved 1048576K
}

Dll operation events (8 events):
Event: 0.007 Loaded shared library C:\Users\cd03184\.p2\pool\plugins\org.eclipse.justj.openjdk.hotspot.jre.full.win32.x86_64_21.0.6.v20250130-0529\jre\bin\java.dll
Event: 0.038 Loaded shared library C:\Users\cd03184\.p2\pool\plugins\org.eclipse.justj.openjdk.hotspot.jre.full.win32.x86_64_21.0.6.v20250130-0529\jre\bin\zip.dll
Event: 0.088 Loaded shared library C:\Users\cd03184\.p2\pool\plugins\org.eclipse.justj.openjdk.hotspot.jre.full.win32.x86_64_21.0.6.v20250130-0529\jre\bin\net.dll
Event: 0.090 Loaded shared library C:\Users\cd03184\.p2\pool\plugins\org.eclipse.justj.openjdk.hotspot.jre.full.win32.x86_64_21.0.6.v20250130-0529\jre\bin\nio.dll
Event: 0.093 Loaded shared library C:\Users\cd03184\.p2\pool\plugins\org.eclipse.justj.openjdk.hotspot.jre.full.win32.x86_64_21.0.6.v20250130-0529\jre\bin\zip.dll
Event: 0.215 Loaded shared library C:\Users\cd03184\.p2\pool\plugins\org.eclipse.justj.openjdk.hotspot.jre.full.win32.x86_64_21.0.6.v20250130-0529\jre\bin\jimage.dll
Event: 0.283 Loaded shared library C:\Users\cd03184\.p2\pool\plugins\org.eclipse.justj.openjdk.hotspot.jre.full.win32.x86_64_21.0.6.v20250130-0529\jre\bin\extnet.dll
Event: 1.074 Loaded shared library C:\Users\cd03184\.p2\pool\plugins\org.eclipse.justj.openjdk.hotspot.jre.full.win32.x86_64_21.0.6.v20250130-0529\jre\bin\sunmscapi.dll

Deoptimization events (20 events):
Event: 1.154 Thread 0x00000208787466e0 Uncommon trap: trap_request=0xffffff45 fr.pc=0x0000020807ad8db4 relative=0x0000000000000194
Event: 1.154 Thread 0x00000208787466e0 Uncommon trap: reason=unstable_if action=reinterpret pc=0x0000020807ad8db4 method=jdk.internal.util.ArraysSupport.vectorizedHashCode(Ljava/lang/Object;IIII)I @ 2 c2
Event: 1.154 Thread 0x00000208787466e0 DEOPT PACKING pc=0x0000020807ad8db4 sp=0x000000a4b2dfaf20
Event: 1.154 Thread 0x00000208787466e0 DEOPT UNPACKING pc=0x00000208075846a2 sp=0x000000a4b2dfaed0 mode 2
Event: 1.214 Thread 0x00000208787466e0 Uncommon trap: trap_request=0xffffff45 fr.pc=0x0000020807b5e3b4 relative=0x0000000000000254
Event: 1.214 Thread 0x00000208787466e0 Uncommon trap: reason=unstable_if action=reinterpret pc=0x0000020807b5e3b4 method=java.util.HashMap.putVal(ILjava/lang/Object;Ljava/lang/Object;ZZ)Ljava/lang/Object; @ 162 c2
Event: 1.214 Thread 0x00000208787466e0 DEOPT PACKING pc=0x0000020807b5e3b4 sp=0x000000a4b2dfb070
Event: 1.214 Thread 0x00000208787466e0 DEOPT UNPACKING pc=0x00000208075846a2 sp=0x000000a4b2dfafa8 mode 2
Event: 1.248 Thread 0x00000208787466e0 Uncommon trap: trap_request=0xffffffde fr.pc=0x0000020807b3d59c relative=0x000000000000033c
Event: 1.248 Thread 0x00000208787466e0 Uncommon trap: reason=class_check action=maybe_recompile pc=0x0000020807b3d59c method=java.util.regex.Pattern$BmpCharPropertyGreedy.match(Ljava/util/regex/Matcher;ILjava/lang/CharSequence;)Z @ 26 c2
Event: 1.248 Thread 0x00000208787466e0 DEOPT PACKING pc=0x0000020807b3d59c sp=0x000000a4b2dfccc0
Event: 1.248 Thread 0x00000208787466e0 DEOPT UNPACKING pc=0x00000208075846a2 sp=0x000000a4b2dfcc78 mode 2
Event: 1.248 Thread 0x00000208787466e0 Uncommon trap: trap_request=0xffffffde fr.pc=0x0000020807b3d59c relative=0x000000000000033c
Event: 1.248 Thread 0x00000208787466e0 Uncommon trap: reason=class_check action=maybe_recompile pc=0x0000020807b3d59c method=java.util.regex.Pattern$BmpCharPropertyGreedy.match(Ljava/util/regex/Matcher;ILjava/lang/CharSequence;)Z @ 26 c2
Event: 1.248 Thread 0x00000208787466e0 DEOPT PACKING pc=0x0000020807b3d59c sp=0x000000a4b2dfccc0
Event: 1.248 Thread 0x00000208787466e0 DEOPT UNPACKING pc=0x00000208075846a2 sp=0x000000a4b2dfcc78 mode 2
Event: 1.265 Thread 0x0000020858a8e600 Uncommon trap: trap_request=0xffffffde fr.pc=0x0000020807b3d59c relative=0x000000000000033c
Event: 1.265 Thread 0x0000020858a8e600 Uncommon trap: reason=class_check action=maybe_recompile pc=0x0000020807b3d59c method=java.util.regex.Pattern$BmpCharPropertyGreedy.match(Ljava/util/regex/Matcher;ILjava/lang/CharSequence;)Z @ 26 c2
Event: 1.265 Thread 0x0000020858a8e600 DEOPT PACKING pc=0x0000020807b3d59c sp=0x000000a4b4afe7b0
Event: 1.265 Thread 0x0000020858a8e600 DEOPT UNPACKING pc=0x00000208075846a2 sp=0x000000a4b4afe748 mode 2

Classes loaded (20 events):
Event: 1.464 Loading class sun/nio/ch/SelectionKeyImpl
Event: 1.464 Loading class java/nio/channels/spi/AbstractSelectionKey
Event: 1.464 Loading class java/nio/channels/SelectionKey
Event: 1.464 Loading class java/nio/channels/SelectionKey done
Event: 1.464 Loading class java/nio/channels/spi/AbstractSelectionKey done
Event: 1.464 Loading class sun/nio/ch/SelectionKeyImpl done
Event: 1.464 Loading class java/lang/invoke/ConstantBootstraps
Event: 1.464 Loading class java/lang/invoke/ConstantBootstraps done
Event: 1.464 Loading class java/util/concurrent/CompletableFuture$UniRelay
Event: 1.465 Loading class java/util/concurrent/CompletableFuture$UniRelay done
Event: 1.469 Loading class sun/nio/ch/IOVecWrapper
Event: 1.469 Loading class sun/nio/ch/IOVecWrapper done
Event: 1.469 Loading class sun/nio/ch/AllocatedNativeObject
Event: 1.469 Loading class sun/nio/ch/NativeObject
Event: 1.469 Loading class sun/nio/ch/NativeObject done
Event: 1.469 Loading class sun/nio/ch/AllocatedNativeObject done
Event: 1.469 Loading class sun/nio/ch/IOVecWrapper$Deallocator
Event: 1.469 Loading class sun/nio/ch/IOVecWrapper$Deallocator done
Event: 1.472 Loading class java/util/concurrent/CompletableFuture$UniApply
Event: 1.472 Loading class java/util/concurrent/CompletableFuture$UniApply done

Classes unloaded (0 events):
No events

Classes redefined (0 events):
No events

Internal exceptions (20 events):
Event: 1.060 Thread 0x00000208787466e0 Exception <a 'java/lang/NoSuchMethodError'{0x000000008a1b7918}: 'int java.lang.invoke.DirectMethodHandle$Holder.invokeStatic(java.lang.Object, long)'> (0x000000008a1b7918) 
thrown [s\src\hotspot\share\interpreter\linkResolver.cpp, line 773]
Event: 1.061 Thread 0x00000208787466e0 Exception <a 'java/lang/NoSuchMethodError'{0x000000008a1cbb68}: 'int java.lang.invoke.DirectMethodHandle$Holder.invokeSpecial(java.lang.Object, java.lang.Object, java.lang.Object, java.lang.Object)'> (0x000000008a1cbb68) 
thrown [s\src\hotspot\share\interpreter\linkResolver.cpp, line 773]
Event: 1.062 Thread 0x00000208787466e0 Exception <a 'java/lang/NoSuchMethodError'{0x000000008a1dcae8}: 'java.lang.Object java.lang.invoke.DirectMethodHandle$Holder.invokeStatic(java.lang.Object, int, java.lang.Object, java.lang.Object)'> (0x000000008a1dcae8) 
thrown [s\src\hotspot\share\interpreter\linkResolver.cpp, line 773]
Event: 1.062 Thread 0x00000208787466e0 Exception <a 'java/lang/NoSuchMethodError'{0x000000008a1e0a38}: 'java.lang.Object java.lang.invoke.DirectMethodHandle$Holder.invokeSpecial(java.lang.Object, java.lang.Object, int, java.lang.Object, java.lang.Object)'> (0x000000008a1e0a38) 
thrown [s\src\hotspot\share\interpreter\linkResolver.cpp, line 773]
Event: 1.062 Thread 0x00000208787466e0 Exception <a 'java/lang/NoSuchMethodError'{0x000000008a1e41b8}: 'java.lang.Object java.lang.invoke.DelegatingMethodHandle$Holder.delegate(java.lang.Object, int, java.lang.Object, java.lang.Object)'> (0x000000008a1e41b8) 
thrown [s\src\hotspot\share\interpreter\linkResolver.cpp, line 773]
Event: 1.064 Thread 0x00000208787466e0 Exception <a 'java/lang/NoSuchMethodError'{0x000000008a1f3be0}: 'int java.lang.invoke.Invokers$Holder.linkToTargetMethod(java.lang.Object, java.lang.Object, java.lang.Object)'> (0x000000008a1f3be0) 
thrown [s\src\hotspot\share\interpreter\linkResolver.cpp, line 773]
Event: 1.067 Thread 0x00000208787466e0 Exception <a 'java/lang/NoSuchMethodError'{0x000000008a025ef0}: 'long java.lang.invoke.DirectMethodHandle$Holder.invokeSpecial(java.lang.Object, java.lang.Object)'> (0x000000008a025ef0) 
thrown [s\src\hotspot\share\interpreter\linkResolver.cpp, line 773]
Event: 1.108 Thread 0x00000208787466e0 Exception <a 'sun/nio/fs/WindowsException'{0x0000000089fb3730}> (0x0000000089fb3730) 
thrown [s\src\hotspot\share\prims\jni.cpp, line 520]
Event: 1.247 Thread 0x00000208787466e0 Exception <a 'java/lang/NoSuchMethodError'{0x000000008a4440d0}: 'java.lang.Object java.lang.invoke.DirectMethodHandle$Holder.invokeInterface(java.lang.Object, java.lang.Object, java.lang.Object)'> (0x000000008a4440d0) 
thrown [s\src\hotspot\share\interpreter\linkResolver.cpp, line 773]
Event: 1.247 Thread 0x00000208787466e0 Exception <a 'java/lang/IncompatibleClassChangeError'{0x000000008a4474d8}: Found class java.lang.Object, but interface was expected> (0x000000008a4474d8) 
thrown [s\src\hotspot\share\interpreter\linkResolver.cpp, line 840]
Event: 1.248 Thread 0x00000208787466e0 Exception <a 'java/lang/NoSuchMethodError'{0x000000008a44ef88}: 'int java.lang.invoke.DirectMethodHandle$Holder.invokeSpecialIFC(java.lang.Object, java.lang.Object, java.lang.Object, java.lang.Object)'> (0x000000008a44ef88) 
thrown [s\src\hotspot\share\interpreter\linkResolver.cpp, line 773]
Event: 1.250 Thread 0x00000208787466e0 Exception <a 'java/lang/NoSuchMethodError'{0x000000008a471ac8}: 'java.lang.Object java.lang.invoke.DirectMethodHandle$Holder.invokeVirtual(java.lang.Object, java.lang.Object, java.lang.Object, java.lang.Object)'> (0x000000008a471ac8) 
thrown [s\src\hotspot\share\interpreter\linkResolver.cpp, line 773]
Event: 1.279 Thread 0x0000020858a8e600 Exception <a 'java/net/ConnectException'{0x000000008a30a680}: Connection refused: getsockopt> (0x000000008a30a680) 
thrown [s\src\hotspot\share\prims\jni.cpp, line 539]
Event: 1.295 Thread 0x0000020858a8e600 Exception <a 'java/net/ConnectException'{0x000000008a30b7d0}: Connection refused: getsockopt> (0x000000008a30b7d0) 
thrown [s\src\hotspot\share\prims\jni.cpp, line 539]
Event: 1.393 Thread 0x00000208787466e0 Exception <a 'java/lang/NoSuchMethodError'{0x000000008a218238}: 'java.lang.Object java.lang.invoke.DirectMethodHandle$Holder.newInvokeSpecial(java.lang.Object, java.lang.Object, int, int)'> (0x000000008a218238) 
thrown [s\src\hotspot\share\interpreter\linkResolver.cpp, line 773]
Event: 1.396 Thread 0x00000208787466e0 Exception <a 'java/lang/NoSuchMethodError'{0x000000008a222ce0}: 'void java.lang.invoke.DirectMethodHandle$Holder.invokeStatic(java.lang.Object, java.lang.Object, int)'> (0x000000008a222ce0) 
thrown [s\src\hotspot\share\interpreter\linkResolver.cpp, line 773]
Event: 1.408 Thread 0x00000208787466e0 Exception <a 'java/lang/NoSuchMethodError'{0x000000008a299108}: 'java.lang.Object java.lang.invoke.DirectMethodHandle$Holder.newInvokeSpecial(java.lang.Object, java.lang.Object, java.lang.Object, java.lang.Object, java.lang.Object)'> (0x000000008a299108) 
thrown [s\src\hotspot\share\interpreter\linkResolver.cpp, line 773]
Event: 1.443 Thread 0x00000208590c08a0 Exception <a 'java/lang/NoSuchMethodError'{0x000000008a0ac080}: 'java.lang.Object java.lang.invoke.DirectMethodHandle$Holder.invokeSpecial(java.lang.Object, java.lang.Object, java.lang.Object, java.lang.Object, int)'> (0x000000008a0ac080) 
thrown [s\src\hotspot\share\interpreter\linkResolver.cpp, line 773]
Event: 1.443 Thread 0x00000208590c08a0 Exception <a 'java/lang/NoSuchMethodError'{0x000000008a0af9e8}: 'java.lang.Object java.lang.invoke.Invokers$Holder.linkToTargetMethod(java.lang.Object, java.lang.Object, int, java.lang.Object)'> (0x000000008a0af9e8) 
thrown [s\src\hotspot\share\interpreter\linkResolver.cpp, line 773]
Event: 1.458 Thread 0x00000208590c08a0 Exception <a 'java/lang/NoSuchMethodError'{0x0000000089fc4e88}: 'void java.lang.invoke.DirectMethodHandle$Holder.invokeSpecial(java.lang.Object, java.lang.Object, java.lang.Object, java.lang.Object, java.lang.Object)'> (0x0000000089fc4e88) 
thrown [s\src\hotspot\share\interpreter\linkResolver.cpp, line 773]

ZGC Phase Switch (0 events):
No events

VM Operations (20 events):
Event: 0.459 Executing VM operation: G1CollectForAllocation (G1 Evacuation Pause)
Event: 0.462 Executing VM operation: G1CollectForAllocation (G1 Evacuation Pause) done
Event: 0.566 Executing VM operation: HandshakeAllThreads (Deoptimize)
Event: 0.567 Executing VM operation: HandshakeAllThreads (Deoptimize) done
Event: 0.620 Executing VM operation: HandshakeAllThreads (Deoptimize)
Event: 0.620 Executing VM operation: HandshakeAllThreads (Deoptimize) done
Event: 1.054 Executing VM operation: HandshakeAllThreads (Deoptimize)
Event: 1.054 Executing VM operation: HandshakeAllThreads (Deoptimize) done
Event: 1.086 Executing VM operation: HandshakeAllThreads (Deoptimize)
Event: 1.086 Executing VM operation: HandshakeAllThreads (Deoptimize) done
Event: 1.148 Executing VM operation: HandshakeAllThreads (Deoptimize)
Event: 1.148 Executing VM operation: HandshakeAllThreads (Deoptimize) done
Event: 1.164 Executing VM operation: G1CollectForAllocation (G1 Evacuation Pause)
Event: 1.167 Executing VM operation: G1CollectForAllocation (G1 Evacuation Pause) done
Event: 1.259 Executing VM operation: HandshakeAllThreads (Deoptimize)
Event: 1.260 Executing VM operation: HandshakeAllThreads (Deoptimize) done
Event: 1.260 Executing VM operation: HandshakeAllThreads (Deoptimize)
Event: 1.260 Executing VM operation: HandshakeAllThreads (Deoptimize) done
Event: 1.337 Executing VM operation: HandshakeAllThreads (Deoptimize)
Event: 1.337 Executing VM operation: HandshakeAllThreads (Deoptimize) done

Memory protections (0 events):
No events

Nmethod flushes (0 events):
No events

Events (20 events):
Event: 0.040 Thread 0x00000208787466e0 Thread added: 0x000002087f004530
Event: 0.040 Thread 0x00000208787466e0 Thread added: 0x000002087f0062c0
Event: 0.043 Thread 0x00000208787466e0 Thread added: 0x000002087f06cc40
Event: 0.083 Thread 0x00000208787466e0 Thread added: 0x00000208580c4dc0
Event: 0.084 Thread 0x00000208787466e0 Thread added: 0x00000208580de310
Event: 0.116 Thread 0x000002087f06cc40 Thread added: 0x00000208581bb190
Event: 0.291 Thread 0x00000208787466e0 Thread added: 0x0000020858768150
Event: 0.645 Thread 0x00000208787466e0 Thread added: 0x0000020858ba1570
Event: 0.993 Thread 0x0000020858ba1570 Thread exited: 0x0000020858ba1570
Event: 1.029 Thread 0x00000208787466e0 Thread added: 0x0000020858f6bfc0
Event: 1.236 Thread 0x00000208787466e0 Thread added: 0x0000020859100df0
Event: 1.258 Thread 0x00000208787466e0 Thread added: 0x0000020859102060
Event: 1.260 Thread 0x00000208787466e0 Thread added: 0x00000208591026c0
Event: 1.260 Thread 0x00000208787466e0 Thread added: 0x0000020858a8dfa0
Event: 1.263 Thread 0x00000208591026c0 Thread added: 0x0000020858a8e600
Event: 1.336 Thread 0x0000020858a8e600 Thread added: 0x0000020858f95990
Event: 1.342 Thread 0x00000208581bb190 Thread exited: 0x00000208581bb190
Event: 1.433 Thread 0x00000208787466e0 Thread added: 0x00000208590c08a0
Event: 1.467 Thread 0x0000020859100df0 Thread added: 0x00000208590c0210
Event: 1.467 Thread 0x0000020859100df0 Thread added: 0x00000208590c0f30


Dynamic libraries:
0x00007ff6112d0000 - 0x00007ff6112de000 	C:\Users\cd03184\.p2\pool\plugins\org.eclipse.justj.openjdk.hotspot.jre.full.win32.x86_64_21.0.6.v20250130-0529\jre\bin\javaw.exe
0x00007ffb82590000 - 0x00007ffb82788000 	C:\Windows\SYSTEM32\ntdll.dll
0x00007ffb81790000 - 0x00007ffb8184f000 	C:\Windows\System32\KERNEL32.DLL
0x00007ffb7ff70000 - 0x00007ffb80242000 	C:\Windows\System32\KERNELBASE.dll
0x00007ffb803b0000 - 0x00007ffb804b0000 	C:\Windows\System32\ucrtbase.dll
0x00007ffb6df50000 - 0x00007ffb6df68000 	C:\Users\cd03184\.p2\pool\plugins\org.eclipse.justj.openjdk.hotspot.jre.full.win32.x86_64_21.0.6.v20250130-0529\jre\bin\jli.dll
0x00007ffb81f80000 - 0x00007ffb82121000 	C:\Windows\System32\USER32.dll
0x00007ffb80350000 - 0x00007ffb80372000 	C:\Windows\System32\win32u.dll
0x00007ffb81d70000 - 0x00007ffb81d9b000 	C:\Windows\System32\GDI32.dll
0x00007ffb7fd00000 - 0x00007ffb7fe0f000 	C:\Windows\System32\gdi32full.dll
0x00007ffb6df80000 - 0x00007ffb6df9e000 	C:\Users\cd03184\.p2\pool\plugins\org.eclipse.justj.openjdk.hotspot.jre.full.win32.x86_64_21.0.6.v20250130-0529\jre\bin\VCRUNTIME140.dll
0x00007ffb804b0000 - 0x00007ffb8054d000 	C:\Windows\System32\msvcp_win.dll
0x00007ffb6d240000 - 0x00007ffb6d4da000 	C:\Windows\WinSxS\amd64_microsoft.windows.common-controls_6595b64144ccf1df_6.0.19041.1110_none_60b5254171f9507e\COMCTL32.dll
0x00007ffb81500000 - 0x00007ffb8159e000 	C:\Windows\System32\msvcrt.dll
0x00007ffb814c0000 - 0x00007ffb814f2000 	C:\Windows\System32\IMM32.DLL
0x00007ffb7c540000 - 0x00007ffb7c54c000 	C:\Users\cd03184\.p2\pool\plugins\org.eclipse.justj.openjdk.hotspot.jre.full.win32.x86_64_21.0.6.v20250130-0529\jre\bin\vcruntime140_1.dll
0x00007ffb6a410000 - 0x00007ffb6a49d000 	C:\Users\cd03184\.p2\pool\plugins\org.eclipse.justj.openjdk.hotspot.jre.full.win32.x86_64_21.0.6.v20250130-0529\jre\bin\msvcp140.dll
0x00007ffb32090000 - 0x00007ffb32e20000 	C:\Users\cd03184\.p2\pool\plugins\org.eclipse.justj.openjdk.hotspot.jre.full.win32.x86_64_21.0.6.v20250130-0529\jre\bin\server\jvm.dll
0x00007ffb81da0000 - 0x00007ffb81e4e000 	C:\Windows\System32\ADVAPI32.dll
0x00007ffb81260000 - 0x00007ffb812fc000 	C:\Windows\System32\sechost.dll
0x00007ffb823f0000 - 0x00007ffb82515000 	C:\Windows\System32\RPCRT4.dll
0x00007ffb82380000 - 0x00007ffb823eb000 	C:\Windows\System32\WS2_32.dll
0x00007ffb7fac0000 - 0x00007ffb7fb0b000 	C:\Windows\SYSTEM32\POWRPROF.dll
0x00007ffb6db50000 - 0x00007ffb6db77000 	C:\Windows\SYSTEM32\WINMM.dll
0x00007ffb79e20000 - 0x00007ffb79e2a000 	C:\Windows\SYSTEM32\VERSION.dll
0x00007ffb7faa0000 - 0x00007ffb7fab2000 	C:\Windows\SYSTEM32\UMPDC.dll
0x00007ffb7da50000 - 0x00007ffb7da62000 	C:\Windows\SYSTEM32\kernel.appcore.dll
0x00007ffb7c590000 - 0x00007ffb7c59a000 	C:\Users\cd03184\.p2\pool\plugins\org.eclipse.justj.openjdk.hotspot.jre.full.win32.x86_64_21.0.6.v20250130-0529\jre\bin\jimage.dll
0x00007ffb6d900000 - 0x00007ffb6dae4000 	C:\Windows\SYSTEM32\DBGHELP.DLL
0x00007ffb6a960000 - 0x00007ffb6a995000 	C:\Windows\SYSTEM32\dbgcore.DLL
0x00007ffb802c0000 - 0x00007ffb80342000 	C:\Windows\System32\bcryptPrimitives.dll
0x00007ffb6e020000 - 0x00007ffb6e03f000 	C:\Users\cd03184\.p2\pool\plugins\org.eclipse.justj.openjdk.hotspot.jre.full.win32.x86_64_21.0.6.v20250130-0529\jre\bin\java.dll
0x00007ffb805a0000 - 0x00007ffb80ce4000 	C:\Windows\System32\SHELL32.dll
0x00007ffb7dd30000 - 0x00007ffb7e4c2000 	C:\Windows\SYSTEM32\windows.storage.dll
0x00007ffb80e20000 - 0x00007ffb81175000 	C:\Windows\System32\combase.dll
0x00007ffb7f5d0000 - 0x00007ffb7f600000 	C:\Windows\SYSTEM32\Wldp.dll
0x00007ffb81cc0000 - 0x00007ffb81d6d000 	C:\Windows\System32\SHCORE.dll
0x00007ffb81730000 - 0x00007ffb81785000 	C:\Windows\System32\shlwapi.dll
0x00007ffb7fb90000 - 0x00007ffb7fbaf000 	C:\Windows\SYSTEM32\profapi.dll
0x00007ffb6e000000 - 0x00007ffb6e018000 	C:\Users\cd03184\.p2\pool\plugins\org.eclipse.justj.openjdk.hotspot.jre.full.win32.x86_64_21.0.6.v20250130-0529\jre\bin\zip.dll
0x00007ffb7c580000 - 0x00007ffb7c590000 	C:\Users\cd03184\.p2\pool\plugins\org.eclipse.justj.openjdk.hotspot.jre.full.win32.x86_64_21.0.6.v20250130-0529\jre\bin\net.dll
0x00007ffb7ac30000 - 0x00007ffb7ad3c000 	C:\Windows\SYSTEM32\WINHTTP.dll
0x00007ffb7f330000 - 0x00007ffb7f39a000 	C:\Windows\system32\mswsock.dll
0x00007ffb6dfb0000 - 0x00007ffb6dfc6000 	C:\Users\cd03184\.p2\pool\plugins\org.eclipse.justj.openjdk.hotspot.jre.full.win32.x86_64_21.0.6.v20250130-0529\jre\bin\nio.dll
0x00007ffb7f060000 - 0x00007ffb7f12a000 	C:\Windows\SYSTEM32\DNSAPI.dll
0x00007ffb7f020000 - 0x00007ffb7f05b000 	C:\Windows\SYSTEM32\IPHLPAPI.DLL
0x00007ffb814b0000 - 0x00007ffb814b8000 	C:\Windows\System32\NSI.dll
0x00007ffb76900000 - 0x00007ffb7690a000 	C:\Windows\System32\rasadhlp.dll
0x00007ffb7aaf0000 - 0x00007ffb7ab70000 	C:\Windows\System32\fwpuclnt.dll
0x00007ffb80380000 - 0x00007ffb803a7000 	C:\Windows\System32\bcrypt.dll
0x00007ffb7d490000 - 0x00007ffb7d499000 	C:\Users\cd03184\.p2\pool\plugins\org.eclipse.justj.openjdk.hotspot.jre.full.win32.x86_64_21.0.6.v20250130-0529\jre\bin\extnet.dll
0x00007ffb7f530000 - 0x00007ffb7f548000 	C:\Windows\SYSTEM32\CRYPTSP.dll
0x00007ffb7ec50000 - 0x00007ffb7ec84000 	C:\Windows\system32\rsaenh.dll
0x00007ffb7fb50000 - 0x00007ffb7fb7e000 	C:\Windows\SYSTEM32\USERENV.dll
0x00007ffb7f520000 - 0x00007ffb7f52c000 	C:\Windows\SYSTEM32\CRYPTBASE.dll
0x00007ffb7d4a0000 - 0x00007ffb7d4ae000 	C:\Users\cd03184\.p2\pool\plugins\org.eclipse.justj.openjdk.hotspot.jre.full.win32.x86_64_21.0.6.v20250130-0529\jre\bin\sunmscapi.dll
0x00007ffb7fe10000 - 0x00007ffb7ff66000 	C:\Windows\System32\CRYPT32.dll
0x00007ffb7f640000 - 0x00007ffb7f667000 	C:\Windows\SYSTEM32\ncrypt.dll
0x00007ffb7f600000 - 0x00007ffb7f63b000 	C:\Windows\SYSTEM32\NTASN1.dll
0x00007ffb6d120000 - 0x00007ffb6d127000 	C:\Windows\system32\wshunix.dll

dbghelp: loaded successfully - version: 4.0.5 - missing functions: none
symbol engine: initialized successfully - sym options: 0x614 - pdb path: .;C:\Users\cd03184\.p2\pool\plugins\org.eclipse.justj.openjdk.hotspot.jre.full.win32.x86_64_21.0.6.v20250130-0529\jre\bin;C:\Windows\SYSTEM32;C:\Windows\WinSxS\amd64_microsoft.windows.common-controls_6595b64144ccf1df_6.0.19041.1110_none_60b5254171f9507e;C:\Users\cd03184\.p2\pool\plugins\org.eclipse.justj.openjdk.hotspot.jre.full.win32.x86_64_21.0.6.v20250130-0529\jre\bin\server

VM Arguments:
jvm_args: -ea -Dfile.encoding=UTF-8 -Dstdout.encoding=UTF-8 -Dstderr.encoding=UTF-8 -XX:+ShowCodeDetailsInExceptionMessages 
java_command: org.testng.remote.RemoteTestNG -serport 51894 -protocol json -d D:\eclipse\TrackingDashboard\test-output C:\Users\cd03184\AppData\Local\Temp\testng-eclipse-226532456\testng-customsuite.xml
java_class_path (initial): C:\Users\cd03184\eclipse\jee-2025-032\eclipse\configuration\org.eclipse.osgi\1008\0\.cp\lib\testng-remote.jar;D:\eclipse\TrackingDashboard\target\test-classes;D:\eclipse\TrackingDashboard\target\classes;C:\Users\cd03184\.m2\repository\org\seleniumhq\selenium\selenium-java\4.22.0\selenium-java-4.22.0.jar;C:\Users\cd03184\.m2\repository\org\seleniumhq\selenium\selenium-api\4.22.0\selenium-api-4.22.0.jar;C:\Users\cd03184\.m2\repository\org\seleniumhq\selenium\selenium-chrome-driver\4.22.0\selenium-chrome-driver-4.22.0.jar;C:\Users\cd03184\.m2\repository\org\seleniumhq\selenium\selenium-chromium-driver\4.22.0\selenium-chromium-driver-4.22.0.jar;C:\Users\cd03184\.m2\repository\org\seleniumhq\selenium\selenium-manager\4.22.0\selenium-manager-4.22.0.jar;C:\Users\cd03184\.m2\repository\org\seleniumhq\selenium\selenium-devtools-v125\4.22.0\selenium-devtools-v125-4.22.0.jar;C:\Users\cd03184\.m2\repository\org\seleniumhq\selenium\selenium-devtools-v126\4.22.0\selenium-devtools-v126-4.22.0.jar;C:\Users\cd03184\.m2\repository\org\seleniumhq\selenium\selenium-devtools-v85\4.22.0\selenium-devtools-v85-4.22.0.jar;C:\Users\cd03184\.m2\repository\org\seleniumhq\selenium\selenium-edge-driver\4.22.0\selenium-edge-driver-4.22.0.jar;C:\Users\cd03184\.m2\repository\org\seleniumhq\selenium\selenium-firefox-driver\4.22.0\selenium-firefox-driver-4.22.0.jar;C:\Users\cd03184\.m2\repository\org\seleniumhq\selenium\selenium-http\4.22.0\selenium-http-4.22.0.jar;C:\Users\cd03184\.m2\repository\dev\failsafe\failsafe\3.3.2\failsafe-3.3.2.jar;C:\Users\cd03184\.m2\repository\org\seleniumhq\selenium\selenium-ie-driver\4.22.0\selenium-ie-driver-4.22.0.jar;C:\Users\cd03184\.m2\repository\org\seleniumhq\selenium\selenium-remote-driver\4.22.0\selenium-remote-driver-4.22.0.jar;C:\Users\cd03184\.m2\repository\com\google\guava\guava\33.2.1-jre\guava-33.2.1-jre.jar;C:\Users\cd03184\.m2\repository\com\google\guava\failureaccess\1.0.2\failureaccess-1.0.2.jar;C:\Users\cd03184\.m2\repository\com\google\guava\listenablefuture\9999.0-empty-to-avoid-conflict-with-guava\listenablefuture-9999.0-empty-to-avoid-conflict-with-guava.jar;C:\Users\cd03184\.m2\repository\com\google\code\findbugs\jsr305\3.0.2\jsr305-3.0.2.jar;C:\Users\cd03184\.m2\repository\org\checkerframework\checker-qual\3.42.0\checker-qual-3.42.0.jar;C:\Users\cd03184\.m2\repository\com\google\errorprone\error_prone_annotations\2.26.1\error_prone_annotations-2.26.1.jar;C:\Users\cd03184\.m2\repository\com\google\j2objc\j2objc-annotations\3.0.0\j2objc-annotations-3.0.0.jar;C:\Users\cd03184\.m2\repository\io\opentelemetry\semconv\opentelemetry-semconv\1.25.0-alpha\opentelemetry-semconv-1.25.0-alpha.jar;C:\Users\cd03184\.m2\repository\io\opentelemetry\opentelemetry-api\1.39.0\opentelemetry-api-1.39.0.jar;C:\Users\cd03184\.m2\repository\io\opentelemetry\opentelemetry-context\1.39.0\opentelemetry-context-1.39.0.jar;C:\Users\cd03184\.m2\repository\io\opentelemetry\opentelemetry-exporter-logging\1.39.0\opentelemetry-exporter-logging-1.39.0.jar;C:\Users\cd03184\.m2\repository\io\opentelemetry\opentelemetry-sdk-common\1.39.0\opentelemetry-sdk-common-1.39.0.jar;C:\Users\cd03184\.m2\repository\io\opentelemetry\opentelemetry-sdk-extension-autoconfigure-spi\1.39.0\opentelemetry-sdk-extension-autoconfigure-spi-1.39.0.jar;C:\Users\cd03184\.m2\repository\io\opentelemetry\opentelemetry-sdk-extension-autoconfigure\1.39.0\opentelemetry-sdk-extension-autoconfigure-1.39.0.jar;C:\Users\cd03184\.m2\repository\io\opentelemetry\opentelemetry-api-incubator\1.39.0-alpha\opentelemetry-api-incubator-1.39.0-alpha.jar;C:\Users\cd03184\.m2\repository\io\opentelemetry\opentelemetry-sdk-trace\1.39.0\opentelemetry-sdk-trace-1.39.0.jar;C:\Users\cd03184\.m2\repository\io\opentelemetry\opentelemetry-sdk\1.39.0\opentelemetry-sdk-1.39.0.jar;C:\Users\cd03184\.m2\repository\io\opentelemetry\opentelemetry-sdk-metrics\1.39.0\opentelemetry-sdk-metrics-1.39.0.jar;C:\Users\cd03184\.m2\repository\io\opentelemetry\opentelemetry-sdk-logs\1.39.0\opentelemetry-sdk-logs-1.39.0.jar;C:\Users\cd03184\.m2\repository\net\bytebuddy\byte-buddy\1.14.17\byte-buddy-1.14.17.jar;C:\Users\cd03184\.m2\repository\org\seleniumhq\selenium\selenium-os\4.22.0\selenium-os-4.22.0.jar;C:\Users\cd03184\.m2\repository\org\apache\commons\commons-exec\1.4.0\commons-exec-1.4.0.jar;C:\Users\cd03184\.m2\repository\org\seleniumhq\selenium\selenium-safari-driver\4.22.0\selenium-safari-driver-4.22.0.jar;C:\Users\cd03184\.m2\repository\org\seleniumhq\selenium\selenium-support\4.22.0\selenium-support-4.22.0.jar;C:\Users\cd03184\.m2\repository\org\testng\testng\7.4.0\testng-7.4.0.jar;C:\Users\cd03184\.m2\repository\com\beust\jcommander\1.78\jcommander-1.78.jar;C:\Users\cd03184\.m2\repository\org\webjars\jquery\3.5.1\jquery-3.5.1.jar;C:\Users\cd03184\.m2\repository\org\seleniumhq\selenium\selenium-devtools-v124\4.22.0\selenium-devtools-v124-4.22.0.jar;C:\Users\cd03184\.m2\repository\com\google\auto\service\auto-service-annotations\1.1.1\auto-service-annotations-1.1.1.jar;C:\Users\cd03184\.m2\repository\org\seleniumhq\selenium\selenium-json\4.22.0\selenium-json-4.22.0.jar
Launcher Type: SUN_STANDARD

[Global flags]
     intx CICompilerCount                          = 3                                         {product} {ergonomic}
     uint ConcGCThreads                            = 1                                         {product} {ergonomic}
     uint G1ConcRefinementThreads                  = 4                                         {product} {ergonomic}
   size_t G1HeapRegionSize                         = 1048576                                   {product} {ergonomic}
    uintx GCDrainStackTargetSize                   = 64                                        {product} {ergonomic}
   size_t InitialHeapSize                          = 132120576                                 {product} {ergonomic}
   size_t MarkStackSize                            = 4194304                                   {product} {ergonomic}
   size_t MaxHeapSize                              = 2099249152                                {product} {ergonomic}
   size_t MaxNewSize                               = 1259339776                                {product} {ergonomic}
   size_t MinHeapDeltaBytes                        = 1048576                                   {product} {ergonomic}
   size_t MinHeapSize                              = 8388608                                   {product} {ergonomic}
    uintx NonNMethodCodeHeapSize                   = 5832780                                {pd product} {ergonomic}
    uintx NonProfiledCodeHeapSize                  = 122912730                              {pd product} {ergonomic}
    uintx ProfiledCodeHeapSize                     = 122912730                              {pd product} {ergonomic}
    uintx ReservedCodeCacheSize                    = 251658240                              {pd product} {ergonomic}
     bool SegmentedCodeCache                       = true                                      {product} {ergonomic}
     bool ShowCodeDetailsInExceptionMessages       = true                                   {manageable} {command line}
   size_t SoftMaxHeapSize                          = 2099249152                             {manageable} {ergonomic}
     bool UseCompressedOops                        = true                           {product lp64_product} {ergonomic}
     bool UseG1GC                                  = true                                      {product} {ergonomic}
     bool UseLargePagesIndividualAllocation        = false                                  {pd product} {ergonomic}

Logging:
Log output configuration:
 #0: stdout all=warning uptime,level,tags foldmultilines=false
 #1: stderr all=off uptime,level,tags foldmultilines=false

Environment Variables:
PATH=C:/Users/cd03184/.p2/pool/plugins/org.eclipse.justj.openjdk.hotspot.jre.full.win32.x86_64_21.0.6.v20250130-0529/jre/bin/server;C:/Users/cd03184/.p2/pool/plugins/org.eclipse.justj.openjdk.hotspot.jre.full.win32.x86_64_21.0.6.v20250130-0529/jre/bin;C:\Program Files\Common Files\Oracle\Java\javapath;C:\Windows\system32;C:\Windows;C:\Windows\System32\Wbem;C:\Windows\System32\WindowsPowerShell\v1.0\;C:\Windows\System32\OpenSSH\;C:\Program Files\Microsoft SQL Server\Client SDK\ODBC\170\Tools\Binn\;C:\Program Files (x86)\Microsoft SQL Server\150\Tools\Binn\;C:\Program Files\Microsoft SQL Server\150\Tools\Binn\;C:\Program Files\Microsoft SQL Server\150\DTS\Binn\;C:\Program Files (x86)\Microsoft SQL Server\150\DTS\Binn\;%JAVA_HOME%bin;C:\Users\cd03184\AppData\Local\Microsoft\WindowsApps;;C:\Users\cd03184\Desktop;
USERNAME=cd03184
OS=Windows_NT
PROCESSOR_IDENTIFIER=Intel64 Family 6 Model 158 Stepping 11, GenuineIntel
TMP=C:\Users\cd03184\AppData\Local\Temp
TEMP=C:\Users\cd03184\AppData\Local\Temp




Periodic native trim disabled

---------------  S Y S T E M  ---------------

OS:
 Windows 10 , 64 bit Build 19041 (10.0.19041.2251)
OS uptime: 2 days 2:20 hours

CPU: total 4 (initial active 4) (4 cores per cpu, 1 threads per core) family 6 model 158 stepping 11 microcode 0xca, cx8, cmov, fxsr, mmx, 3dnowpref, sse, sse2, sse3, ssse3, sse4.1, sse4.2, popcnt, lzcnt, tsc, tscinvbit, avx, avx2, aes, erms, clmul, bmi1, bmi2, adx, fma, vzeroupper, clflush, clflushopt, rdtscp, f16c
Processor Information for the first 4 processors :
  Max Mhz: 3600, Current Mhz: 3600, Mhz Limit: 3600

Memory: 4k page, system-wide physical 8001M (537M free)
TotalPageFile size 20001M (AvailPageFile size 5M)
current process WorkingSet (physical memory assigned to process): 107M, peak: 107M
current process commit charge ("private bytes"): 235M, peak: 236M

vm_info: OpenJDK 64-Bit Server VM (21.0.6+7-LTS) for windows-amd64 JRE (21.0.6+7-LTS), built on 2025-01-21T00:00:00Z by "admin" with MS VC++ 17.7 (VS2022)

END.
