#
# There is insufficient memory for the Java Runtime Environment to continue.
# Native memory allocation (malloc) failed to allocate 2005360 bytes. Error detail: Chunk::new
# Possible reasons:
#   The system is out of physical RAM or swap space
#   This process is running with CompressedOops enabled, and the Java Heap may be blocking the growth of the native heap
# Possible solutions:
#   Reduce memory load on the system
#   Increase physical memory or swap space
#   Check if swap backing store is full
#   Decrease Java heap size (-Xmx/-Xms)
#   Decrease number of Java threads
#   Decrease Java thread stack sizes (-Xss)
#   Set larger code cache with -XX:ReservedCodeCacheSize=
#   JVM is running with Unscaled Compressed Oops mode in which the Java heap is
#     placed in the first 4GB address space. The Java Heap base address is the
#     maximum limit for the native heap growth. Please use -XX:HeapBaseMinAddress
#     to set the Java Heap base and to place the Java Heap above 4GB virtual address.
# This output file may be truncated or incomplete.
#
#  Out of Memory Error (arena.cpp:168), pid=7020, tid=12612
#
# JRE version: OpenJDK Runtime Environment Temurin-21.0.6+7 (21.0.6+7) (build 21.0.6+7-LTS)
# Java VM: OpenJDK 64-Bit Server VM Temurin-21.0.6+7 (21.0.6+7-LTS, mixed mode, sharing, tiered, compressed oops, compressed class ptrs, g1 gc, windows-amd64)
# No core dump will be written. Minidumps are not enabled by default on client versions of Windows
#

---------------  S U M M A R Y ------------

Command Line: -ea -Dfile.encoding=UTF-8 -Dstdout.encoding=UTF-8 -Dstderr.encoding=UTF-8 -XX:+ShowCodeDetailsInExceptionMessages org.testng.remote.RemoteTestNG -serport 51871 -protocol json -d D:\eclipse\TrackingDashboard\test-output C:\Users\cd03184\AppData\Local\Temp\testng-eclipse-1789135657\testng-customsuite.xml

Host: Intel(R) Core(TM) i3-9100 CPU @ 3.60GHz, 4 cores, 7G,  Windows 10 , 64 bit Build 19041 (10.0.19041.2251)
Time: Wed Aug 20 11:27:41 2025 India Standard Time elapsed time: 2.345659 seconds (0d 0h 0m 2s)

---------------  T H R E A D  ---------------

Current thread (0x000002bcd63e6a00):  JavaThread "C2 CompilerThread0" daemon [_thread_in_native, id=12612, stack(0x000000eba7800000,0x000000eba7900000) (1024K)]


Current CompileTask:
C2:2345 1949       4       java.lang.invoke.MethodType::methodType (69 bytes)

Stack: [0x000000eba7800000,0x000000eba7900000]
Native frames: (J=compiled Java code, j=interpreted, Vv=VM code, C=native code)
V  [jvm.dll+0x6cdee9]
V  [jvm.dll+0x8a83d1]
V  [jvm.dll+0x8aa8fe]
V  [jvm.dll+0x8aafe3]
V  [jvm.dll+0x27f706]
V  [jvm.dll+0xc500d]
V  [jvm.dll+0xc5543]
V  [jvm.dll+0x3b678c]
V  [jvm.dll+0x382935]
V  [jvm.dll+0x381d9a]
V  [jvm.dll+0x2479f0]
V  [jvm.dll+0x246fcf]
V  [jvm.dll+0x1c75ee]
V  [jvm.dll+0x25685a]
V  [jvm.dll+0x254dfa]
V  [jvm.dll+0x3f0256]
V  [jvm.dll+0x851f8b]
V  [jvm.dll+0x6cc5ed]
C  [ucrtbase.dll+0x21bb2]
C  [KERNEL32.DLL+0x174b4]
C  [ntdll.dll+0x526a1]


---------------  P R O C E S S  ---------------

Threads class SMR info:
_java_thread_list=0x000002bd1cdeb5f0, length=23, elements={
0x000002bcbee4d6b0, 0x000002bcd63d2240, 0x000002bcd63d30a0, 0x000002bcd63d6cc0,
0x000002bcd63d7990, 0x000002bcd63d8590, 0x000002bcd63e11a0, 0x000002bcd63e6a00,
0x000002bcd63e94a0, 0x000002bcd6524080, 0x000002bcd652dc90, 0x000002bd1c0fc570,
0x000002bcd65eb1d0, 0x000002bd1c780fe0, 0x000002bd1c7e8da0, 0x000002bd1c7c23a0,
0x000002bd1c7ea410, 0x000002bd1c7c2e10, 0x000002bd1c7e4cf0, 0x000002bd1c7d0100,
0x000002bd1cae9e00, 0x000002bd1caeb840, 0x000002bd1caea490
}

Java Threads: ( => current thread )
  0x000002bcbee4d6b0 JavaThread "Forwarding newSession on session null to remote"        [_thread_blocked, id=8732, stack(0x000000eba6a00000,0x000000eba6b00000) (1024K)]
  0x000002bcd63d2240 JavaThread "Reference Handler"          daemon [_thread_blocked, id=2020, stack(0x000000eba7200000,0x000000eba7300000) (1024K)]
  0x000002bcd63d30a0 JavaThread "Finalizer"                  daemon [_thread_blocked, id=15768, stack(0x000000eba7300000,0x000000eba7400000) (1024K)]
  0x000002bcd63d6cc0 JavaThread "Signal Dispatcher"          daemon [_thread_blocked, id=8452, stack(0x000000eba7400000,0x000000eba7500000) (1024K)]
  0x000002bcd63d7990 JavaThread "Attach Listener"            daemon [_thread_blocked, id=14936, stack(0x000000eba7500000,0x000000eba7600000) (1024K)]
  0x000002bcd63d8590 JavaThread "Service Thread"             daemon [_thread_blocked, id=13800, stack(0x000000eba7600000,0x000000eba7700000) (1024K)]
  0x000002bcd63e11a0 JavaThread "Monitor Deflation Thread"   daemon [_thread_blocked, id=13100, stack(0x000000eba7700000,0x000000eba7800000) (1024K)]
=>0x000002bcd63e6a00 JavaThread "C2 CompilerThread0"         daemon [_thread_in_native, id=12612, stack(0x000000eba7800000,0x000000eba7900000) (1024K)]
  0x000002bcd63e94a0 JavaThread "C1 CompilerThread0"         daemon [_thread_blocked, id=7032, stack(0x000000eba7900000,0x000000eba7a00000) (1024K)]
  0x000002bcd6524080 JavaThread "Notification Thread"        daemon [_thread_blocked, id=3600, stack(0x000000eba7a00000,0x000000eba7b00000) (1024K)]
  0x000002bcd652dc90 JavaThread "Common-Cleaner"             daemon [_thread_blocked, id=12172, stack(0x000000eba7b00000,0x000000eba7c00000) (1024K)]
  0x000002bd1c0fc570 JavaThread "ReaderThread"                      [_thread_in_native, id=14344, stack(0x000000eba7e00000,0x000000eba7f00000) (1024K)]
  0x000002bcd65eb1d0 JavaThread "ForkJoinPool.commonPool-worker-1" daemon [_thread_blocked, id=14940, stack(0x000000eba7c00000,0x000000eba7d00000) (1024K)]
  0x000002bd1c780fe0 JavaThread "C2 CompilerThread1"         daemon [_thread_in_native, id=13388, stack(0x000000eba8200000,0x000000eba8300000) (1024K)]
  0x000002bd1c7e8da0 JavaThread "HttpClient-1-SelectorManager" daemon [_thread_in_native, id=5552, stack(0x000000eba8300000,0x000000eba8400000) (1024K)]
  0x000002bd1c7c23a0 JavaThread "External Process Output Forwarder - C:\Users\cd03184\.cache\selenium\chromedriver\win64\139.0.7258.138\chromedriver.exe" daemon [_thread_in_native, id=9096, stack(0x000000eba8400000,0x000000eba8500000) (1024K)]
  0x000002bd1c7ea410 JavaThread "Driver Service Executor"    daemon [_thread_blocked, id=5852, stack(0x000000eba8500000,0x000000eba8600000) (1024K)]
  0x000002bd1c7c2e10 JavaThread "Driver Service Executor"    daemon [_thread_in_native, id=6860, stack(0x000000eba8600000,0x000000eba8700000) (1024K)]
  0x000002bd1c7e4cf0 JavaThread "UrlChecker-2"               daemon [_thread_blocked, id=13668, stack(0x000000eba8700000,0x000000eba8800000) (1024K)]
  0x000002bd1c7d0100 JavaThread "Keep-Alive-Timer"           daemon [_thread_blocked, id=15996, stack(0x000000eba8800000,0x000000eba8900000) (1024K)]
  0x000002bd1cae9e00 JavaThread "JdkHttpClient-0-0"          daemon [_thread_blocked, id=3996, stack(0x000000eba8900000,0x000000eba8a00000) (1024K)]
  0x000002bd1caeb840 JavaThread "JdkHttpClient-0-1"          daemon [_thread_blocked, id=9168, stack(0x000000eba8a00000,0x000000eba8b00000) (1024K)]
  0x000002bd1caea490 JavaThread "JdkHttpClient-0-2"          daemon [_thread_blocked, id=14188, stack(0x000000eba8b00000,0x000000eba8c00000) (1024K)]
Total: 23

Other Threads:
  0x000002bcd63b2c70 VMThread "VM Thread"                           [id=15908, stack(0x000000eba7100000,0x000000eba7200000) (1024K)]
  0x000002bcd63a23a0 WatcherThread "VM Periodic Task Thread"        [id=8048, stack(0x000000eba7000000,0x000000eba7100000) (1024K)]
  0x000002bcbeea30f0 WorkerThread "GC Thread#0"                     [id=9520, stack(0x000000eba6b00000,0x000000eba6c00000) (1024K)]
  0x000002bd1c4e92f0 WorkerThread "GC Thread#1"                     [id=1252, stack(0x000000eba7f00000,0x000000eba8000000) (1024K)]
  0x000002bd1c4e9690 WorkerThread "GC Thread#2"                     [id=3328, stack(0x000000eba8000000,0x000000eba8100000) (1024K)]
  0x000002bd1c4e9a30 WorkerThread "GC Thread#3"                     [id=5192, stack(0x000000eba8100000,0x000000eba8200000) (1024K)]
  0x000002bcbeeb4b80 ConcurrentGCThread "G1 Main Marker"            [id=15812, stack(0x000000eba6c00000,0x000000eba6d00000) (1024K)]
  0x000002bcbeeb5590 WorkerThread "G1 Conc#0"                       [id=2160, stack(0x000000eba6d00000,0x000000eba6e00000) (1024K)]
  0x000002bcbef1e560 ConcurrentGCThread "G1 Refine#0"               [id=7432, stack(0x000000eba6e00000,0x000000eba6f00000) (1024K)]
  0x000002bcd6277250 ConcurrentGCThread "G1 Service"                [id=11248, stack(0x000000eba6f00000,0x000000eba7000000) (1024K)]
Total: 10

Threads with active compile tasks:
C2 CompilerThread0  2381 1949       4       java.lang.invoke.MethodType::methodType (69 bytes)
C2 CompilerThread1  2381 1874       4       java.lang.invoke.MethodType::makeImpl (109 bytes)
Total: 2

VM state: not at safepoint (normal execution)

VM Mutex/Monitor currently owned by a thread: None

Heap address: 0x0000000082e00000, size: 2002 MB, Compressed Oops mode: 32-bit

CDS archive(s) mapped at: [0x000002bcd7000000-0x000002bcd7c80000-0x000002bcd7c80000), size 13107200, SharedBaseAddress: 0x000002bcd7000000, ArchiveRelocationMode: 1.
Compressed class space mapped at: 0x000002bcd8000000-0x000002bd18000000, reserved size: 1073741824
Narrow klass base: 0x000002bcd7000000, Narrow klass shift: 0, Narrow klass range: 0x100000000

GC Precious Log:
 CardTable entry size: 512
 Card Set container configuration: InlinePtr #cards 5 size 8 Array Of Cards #cards 12 size 40 Howl #buckets 4 coarsen threshold 1843 Howl Bitmap #cards 512 size 80 coarsen threshold 460 Card regions per heap region 1 cards per card region 2048
 CPUs: 4 total, 4 available
 Memory: 8001M
 Large Page Support: Disabled
 NUMA Support: Disabled
 Compressed Oops: Enabled (32-bit)
 Heap Region Size: 1M
 Heap Min Capacity: 8M
 Heap Initial Capacity: 126M
 Heap Max Capacity: 2002M
 Pre-touch: Disabled
 Parallel Workers: 4
 Concurrent Workers: 1
 Concurrent Refinement Workers: 4
 Periodic GC: Disabled

Heap:
 garbage-first heap   total 129024K, used 21452K [0x0000000082e00000, 0x0000000100000000)
  region size 1024K, 18 young (18432K), 3 survivors (3072K)
 Metaspace       used 15314K, committed 15680K, reserved 1114112K
  class space    used 1805K, committed 1984K, reserved 1048576K

Heap Regions: E=young(eden), S=young(survivor), O=old, HS=humongous(starts), HC=humongous(continues), CS=collection set, F=free, TAMS=top-at-mark-start, PB=parsable bottom
|   0|0x0000000082e00000, 0x0000000082f00000, 0x0000000082f00000|100%| O|  |TAMS 0x0000000082e00000| PB 0x0000000082e00000| Untracked 
|   1|0x0000000082f00000, 0x0000000083000000, 0x0000000083000000|100%| O|  |TAMS 0x0000000082f00000| PB 0x0000000082f00000| Untracked 
|   2|0x0000000083000000, 0x0000000083100000, 0x0000000083100000|100%| O|  |TAMS 0x0000000083000000| PB 0x0000000083000000| Untracked 
|   3|0x0000000083100000, 0x00000000831f32d0, 0x0000000083200000| 94%| O|  |TAMS 0x0000000083100000| PB 0x0000000083100000| Untracked 
|   4|0x0000000083200000, 0x0000000083200000, 0x0000000083300000|  0%| F|  |TAMS 0x0000000083200000| PB 0x0000000083200000| Untracked 
|   5|0x0000000083300000, 0x0000000083300000, 0x0000000083400000|  0%| F|  |TAMS 0x0000000083300000| PB 0x0000000083300000| Untracked 
|   6|0x0000000083400000, 0x0000000083400000, 0x0000000083500000|  0%| F|  |TAMS 0x0000000083400000| PB 0x0000000083400000| Untracked 
|   7|0x0000000083500000, 0x0000000083500000, 0x0000000083600000|  0%| F|  |TAMS 0x0000000083500000| PB 0x0000000083500000| Untracked 
|   8|0x0000000083600000, 0x0000000083600000, 0x0000000083700000|  0%| F|  |TAMS 0x0000000083600000| PB 0x0000000083600000| Untracked 
|   9|0x0000000083700000, 0x0000000083700000, 0x0000000083800000|  0%| F|  |TAMS 0x0000000083700000| PB 0x0000000083700000| Untracked 
|  10|0x0000000083800000, 0x0000000083800000, 0x0000000083900000|  0%| F|  |TAMS 0x0000000083800000| PB 0x0000000083800000| Untracked 
|  11|0x0000000083900000, 0x0000000083900000, 0x0000000083a00000|  0%| F|  |TAMS 0x0000000083900000| PB 0x0000000083900000| Untracked 
|  12|0x0000000083a00000, 0x0000000083a00000, 0x0000000083b00000|  0%| F|  |TAMS 0x0000000083a00000| PB 0x0000000083a00000| Untracked 
|  13|0x0000000083b00000, 0x0000000083b00000, 0x0000000083c00000|  0%| F|  |TAMS 0x0000000083b00000| PB 0x0000000083b00000| Untracked 
|  14|0x0000000083c00000, 0x0000000083c00000, 0x0000000083d00000|  0%| F|  |TAMS 0x0000000083c00000| PB 0x0000000083c00000| Untracked 
|  15|0x0000000083d00000, 0x0000000083d00000, 0x0000000083e00000|  0%| F|  |TAMS 0x0000000083d00000| PB 0x0000000083d00000| Untracked 
|  16|0x0000000083e00000, 0x0000000083e00000, 0x0000000083f00000|  0%| F|  |TAMS 0x0000000083e00000| PB 0x0000000083e00000| Untracked 
|  17|0x0000000083f00000, 0x0000000083f00000, 0x0000000084000000|  0%| F|  |TAMS 0x0000000083f00000| PB 0x0000000083f00000| Untracked 
|  18|0x0000000084000000, 0x0000000084000000, 0x0000000084100000|  0%| F|  |TAMS 0x0000000084000000| PB 0x0000000084000000| Untracked 
|  19|0x0000000084100000, 0x0000000084100000, 0x0000000084200000|  0%| F|  |TAMS 0x0000000084100000| PB 0x0000000084100000| Untracked 
|  20|0x0000000084200000, 0x0000000084200000, 0x0000000084300000|  0%| F|  |TAMS 0x0000000084200000| PB 0x0000000084200000| Untracked 
|  21|0x0000000084300000, 0x0000000084300000, 0x0000000084400000|  0%| F|  |TAMS 0x0000000084300000| PB 0x0000000084300000| Untracked 
|  22|0x0000000084400000, 0x0000000084400000, 0x0000000084500000|  0%| F|  |TAMS 0x0000000084400000| PB 0x0000000084400000| Untracked 
|  23|0x0000000084500000, 0x0000000084500000, 0x0000000084600000|  0%| F|  |TAMS 0x0000000084500000| PB 0x0000000084500000| Untracked 
|  24|0x0000000084600000, 0x0000000084600000, 0x0000000084700000|  0%| F|  |TAMS 0x0000000084600000| PB 0x0000000084600000| Untracked 
|  25|0x0000000084700000, 0x0000000084700000, 0x0000000084800000|  0%| F|  |TAMS 0x0000000084700000| PB 0x0000000084700000| Untracked 
|  26|0x0000000084800000, 0x0000000084800000, 0x0000000084900000|  0%| F|  |TAMS 0x0000000084800000| PB 0x0000000084800000| Untracked 
|  27|0x0000000084900000, 0x0000000084900000, 0x0000000084a00000|  0%| F|  |TAMS 0x0000000084900000| PB 0x0000000084900000| Untracked 
|  28|0x0000000084a00000, 0x0000000084a00000, 0x0000000084b00000|  0%| F|  |TAMS 0x0000000084a00000| PB 0x0000000084a00000| Untracked 
|  29|0x0000000084b00000, 0x0000000084b00000, 0x0000000084c00000|  0%| F|  |TAMS 0x0000000084b00000| PB 0x0000000084b00000| Untracked 
|  30|0x0000000084c00000, 0x0000000084c00000, 0x0000000084d00000|  0%| F|  |TAMS 0x0000000084c00000| PB 0x0000000084c00000| Untracked 
|  31|0x0000000084d00000, 0x0000000084d00000, 0x0000000084e00000|  0%| F|  |TAMS 0x0000000084d00000| PB 0x0000000084d00000| Untracked 
|  32|0x0000000084e00000, 0x0000000084e00000, 0x0000000084f00000|  0%| F|  |TAMS 0x0000000084e00000| PB 0x0000000084e00000| Untracked 
|  33|0x0000000084f00000, 0x0000000084f00000, 0x0000000085000000|  0%| F|  |TAMS 0x0000000084f00000| PB 0x0000000084f00000| Untracked 
|  34|0x0000000085000000, 0x0000000085000000, 0x0000000085100000|  0%| F|  |TAMS 0x0000000085000000| PB 0x0000000085000000| Untracked 
|  35|0x0000000085100000, 0x0000000085100000, 0x0000000085200000|  0%| F|  |TAMS 0x0000000085100000| PB 0x0000000085100000| Untracked 
|  36|0x0000000085200000, 0x0000000085200000, 0x0000000085300000|  0%| F|  |TAMS 0x0000000085200000| PB 0x0000000085200000| Untracked 
|  37|0x0000000085300000, 0x0000000085300000, 0x0000000085400000|  0%| F|  |TAMS 0x0000000085300000| PB 0x0000000085300000| Untracked 
|  38|0x0000000085400000, 0x0000000085400000, 0x0000000085500000|  0%| F|  |TAMS 0x0000000085400000| PB 0x0000000085400000| Untracked 
|  39|0x0000000085500000, 0x0000000085500000, 0x0000000085600000|  0%| F|  |TAMS 0x0000000085500000| PB 0x0000000085500000| Untracked 
|  40|0x0000000085600000, 0x0000000085600000, 0x0000000085700000|  0%| F|  |TAMS 0x0000000085600000| PB 0x0000000085600000| Untracked 
|  41|0x0000000085700000, 0x0000000085700000, 0x0000000085800000|  0%| F|  |TAMS 0x0000000085700000| PB 0x0000000085700000| Untracked 
|  42|0x0000000085800000, 0x0000000085800000, 0x0000000085900000|  0%| F|  |TAMS 0x0000000085800000| PB 0x0000000085800000| Untracked 
|  43|0x0000000085900000, 0x0000000085900000, 0x0000000085a00000|  0%| F|  |TAMS 0x0000000085900000| PB 0x0000000085900000| Untracked 
|  44|0x0000000085a00000, 0x0000000085a00000, 0x0000000085b00000|  0%| F|  |TAMS 0x0000000085a00000| PB 0x0000000085a00000| Untracked 
|  45|0x0000000085b00000, 0x0000000085b00000, 0x0000000085c00000|  0%| F|  |TAMS 0x0000000085b00000| PB 0x0000000085b00000| Untracked 
|  46|0x0000000085c00000, 0x0000000085c00000, 0x0000000085d00000|  0%| F|  |TAMS 0x0000000085c00000| PB 0x0000000085c00000| Untracked 
|  47|0x0000000085d00000, 0x0000000085d00000, 0x0000000085e00000|  0%| F|  |TAMS 0x0000000085d00000| PB 0x0000000085d00000| Untracked 
|  48|0x0000000085e00000, 0x0000000085e00000, 0x0000000085f00000|  0%| F|  |TAMS 0x0000000085e00000| PB 0x0000000085e00000| Untracked 
|  49|0x0000000085f00000, 0x0000000085f00000, 0x0000000086000000|  0%| F|  |TAMS 0x0000000085f00000| PB 0x0000000085f00000| Untracked 
|  50|0x0000000086000000, 0x0000000086000000, 0x0000000086100000|  0%| F|  |TAMS 0x0000000086000000| PB 0x0000000086000000| Untracked 
|  51|0x0000000086100000, 0x0000000086100000, 0x0000000086200000|  0%| F|  |TAMS 0x0000000086100000| PB 0x0000000086100000| Untracked 
|  52|0x0000000086200000, 0x0000000086200000, 0x0000000086300000|  0%| F|  |TAMS 0x0000000086200000| PB 0x0000000086200000| Untracked 
|  53|0x0000000086300000, 0x0000000086300000, 0x0000000086400000|  0%| F|  |TAMS 0x0000000086300000| PB 0x0000000086300000| Untracked 
|  54|0x0000000086400000, 0x0000000086400000, 0x0000000086500000|  0%| F|  |TAMS 0x0000000086400000| PB 0x0000000086400000| Untracked 
|  55|0x0000000086500000, 0x0000000086500000, 0x0000000086600000|  0%| F|  |TAMS 0x0000000086500000| PB 0x0000000086500000| Untracked 
|  56|0x0000000086600000, 0x0000000086600000, 0x0000000086700000|  0%| F|  |TAMS 0x0000000086600000| PB 0x0000000086600000| Untracked 
|  57|0x0000000086700000, 0x0000000086700000, 0x0000000086800000|  0%| F|  |TAMS 0x0000000086700000| PB 0x0000000086700000| Untracked 
|  58|0x0000000086800000, 0x0000000086800000, 0x0000000086900000|  0%| F|  |TAMS 0x0000000086800000| PB 0x0000000086800000| Untracked 
|  59|0x0000000086900000, 0x0000000086900000, 0x0000000086a00000|  0%| F|  |TAMS 0x0000000086900000| PB 0x0000000086900000| Untracked 
|  60|0x0000000086a00000, 0x0000000086a00000, 0x0000000086b00000|  0%| F|  |TAMS 0x0000000086a00000| PB 0x0000000086a00000| Untracked 
|  61|0x0000000086b00000, 0x0000000086b00000, 0x0000000086c00000|  0%| F|  |TAMS 0x0000000086b00000| PB 0x0000000086b00000| Untracked 
|  62|0x0000000086c00000, 0x0000000086c00000, 0x0000000086d00000|  0%| F|  |TAMS 0x0000000086c00000| PB 0x0000000086c00000| Untracked 
|  63|0x0000000086d00000, 0x0000000086d00000, 0x0000000086e00000|  0%| F|  |TAMS 0x0000000086d00000| PB 0x0000000086d00000| Untracked 
|  64|0x0000000086e00000, 0x0000000086e00000, 0x0000000086f00000|  0%| F|  |TAMS 0x0000000086e00000| PB 0x0000000086e00000| Untracked 
|  65|0x0000000086f00000, 0x0000000086f00000, 0x0000000087000000|  0%| F|  |TAMS 0x0000000086f00000| PB 0x0000000086f00000| Untracked 
|  66|0x0000000087000000, 0x0000000087000000, 0x0000000087100000|  0%| F|  |TAMS 0x0000000087000000| PB 0x0000000087000000| Untracked 
|  67|0x0000000087100000, 0x0000000087100000, 0x0000000087200000|  0%| F|  |TAMS 0x0000000087100000| PB 0x0000000087100000| Untracked 
|  68|0x0000000087200000, 0x0000000087200000, 0x0000000087300000|  0%| F|  |TAMS 0x0000000087200000| PB 0x0000000087200000| Untracked 
|  69|0x0000000087300000, 0x0000000087300000, 0x0000000087400000|  0%| F|  |TAMS 0x0000000087300000| PB 0x0000000087300000| Untracked 
|  70|0x0000000087400000, 0x0000000087400000, 0x0000000087500000|  0%| F|  |TAMS 0x0000000087400000| PB 0x0000000087400000| Untracked 
|  71|0x0000000087500000, 0x0000000087500000, 0x0000000087600000|  0%| F|  |TAMS 0x0000000087500000| PB 0x0000000087500000| Untracked 
|  72|0x0000000087600000, 0x0000000087600000, 0x0000000087700000|  0%| F|  |TAMS 0x0000000087600000| PB 0x0000000087600000| Untracked 
|  73|0x0000000087700000, 0x0000000087700000, 0x0000000087800000|  0%| F|  |TAMS 0x0000000087700000| PB 0x0000000087700000| Untracked 
|  74|0x0000000087800000, 0x0000000087800000, 0x0000000087900000|  0%| F|  |TAMS 0x0000000087800000| PB 0x0000000087800000| Untracked 
|  75|0x0000000087900000, 0x0000000087900000, 0x0000000087a00000|  0%| F|  |TAMS 0x0000000087900000| PB 0x0000000087900000| Untracked 
|  76|0x0000000087a00000, 0x0000000087a00000, 0x0000000087b00000|  0%| F|  |TAMS 0x0000000087a00000| PB 0x0000000087a00000| Untracked 
|  77|0x0000000087b00000, 0x0000000087b00000, 0x0000000087c00000|  0%| F|  |TAMS 0x0000000087b00000| PB 0x0000000087b00000| Untracked 
|  78|0x0000000087c00000, 0x0000000087c00000, 0x0000000087d00000|  0%| F|  |TAMS 0x0000000087c00000| PB 0x0000000087c00000| Untracked 
|  79|0x0000000087d00000, 0x0000000087d00000, 0x0000000087e00000|  0%| F|  |TAMS 0x0000000087d00000| PB 0x0000000087d00000| Untracked 
|  80|0x0000000087e00000, 0x0000000087e00000, 0x0000000087f00000|  0%| F|  |TAMS 0x0000000087e00000| PB 0x0000000087e00000| Untracked 
|  81|0x0000000087f00000, 0x0000000087f00000, 0x0000000088000000|  0%| F|  |TAMS 0x0000000087f00000| PB 0x0000000087f00000| Untracked 
|  82|0x0000000088000000, 0x0000000088000000, 0x0000000088100000|  0%| F|  |TAMS 0x0000000088000000| PB 0x0000000088000000| Untracked 
|  83|0x0000000088100000, 0x0000000088100000, 0x0000000088200000|  0%| F|  |TAMS 0x0000000088100000| PB 0x0000000088100000| Untracked 
|  84|0x0000000088200000, 0x0000000088200000, 0x0000000088300000|  0%| F|  |TAMS 0x0000000088200000| PB 0x0000000088200000| Untracked 
|  85|0x0000000088300000, 0x0000000088300000, 0x0000000088400000|  0%| F|  |TAMS 0x0000000088300000| PB 0x0000000088300000| Untracked 
|  86|0x0000000088400000, 0x0000000088400000, 0x0000000088500000|  0%| F|  |TAMS 0x0000000088400000| PB 0x0000000088400000| Untracked 
|  87|0x0000000088500000, 0x0000000088500000, 0x0000000088600000|  0%| F|  |TAMS 0x0000000088500000| PB 0x0000000088500000| Untracked 
|  88|0x0000000088600000, 0x0000000088600000, 0x0000000088700000|  0%| F|  |TAMS 0x0000000088600000| PB 0x0000000088600000| Untracked 
|  89|0x0000000088700000, 0x0000000088700000, 0x0000000088800000|  0%| F|  |TAMS 0x0000000088700000| PB 0x0000000088700000| Untracked 
|  90|0x0000000088800000, 0x0000000088800000, 0x0000000088900000|  0%| F|  |TAMS 0x0000000088800000| PB 0x0000000088800000| Untracked 
|  91|0x0000000088900000, 0x0000000088900000, 0x0000000088a00000|  0%| F|  |TAMS 0x0000000088900000| PB 0x0000000088900000| Untracked 
|  92|0x0000000088a00000, 0x0000000088a00000, 0x0000000088b00000|  0%| F|  |TAMS 0x0000000088a00000| PB 0x0000000088a00000| Untracked 
|  93|0x0000000088b00000, 0x0000000088b00000, 0x0000000088c00000|  0%| F|  |TAMS 0x0000000088b00000| PB 0x0000000088b00000| Untracked 
|  94|0x0000000088c00000, 0x0000000088c00000, 0x0000000088d00000|  0%| F|  |TAMS 0x0000000088c00000| PB 0x0000000088c00000| Untracked 
|  95|0x0000000088d00000, 0x0000000088d00000, 0x0000000088e00000|  0%| F|  |TAMS 0x0000000088d00000| PB 0x0000000088d00000| Untracked 
|  96|0x0000000088e00000, 0x0000000088e00000, 0x0000000088f00000|  0%| F|  |TAMS 0x0000000088e00000| PB 0x0000000088e00000| Untracked 
|  97|0x0000000088f00000, 0x0000000088f00000, 0x0000000089000000|  0%| F|  |TAMS 0x0000000088f00000| PB 0x0000000088f00000| Untracked 
|  98|0x0000000089000000, 0x0000000089000000, 0x0000000089100000|  0%| F|  |TAMS 0x0000000089000000| PB 0x0000000089000000| Untracked 
|  99|0x0000000089100000, 0x0000000089100000, 0x0000000089200000|  0%| F|  |TAMS 0x0000000089100000| PB 0x0000000089100000| Untracked 
| 100|0x0000000089200000, 0x0000000089200000, 0x0000000089300000|  0%| F|  |TAMS 0x0000000089200000| PB 0x0000000089200000| Untracked 
| 101|0x0000000089300000, 0x0000000089300000, 0x0000000089400000|  0%| F|  |TAMS 0x0000000089300000| PB 0x0000000089300000| Untracked 
| 102|0x0000000089400000, 0x0000000089400000, 0x0000000089500000|  0%| F|  |TAMS 0x0000000089400000| PB 0x0000000089400000| Untracked 
| 103|0x0000000089500000, 0x0000000089500000, 0x0000000089600000|  0%| F|  |TAMS 0x0000000089500000| PB 0x0000000089500000| Untracked 
| 104|0x0000000089600000, 0x0000000089600000, 0x0000000089700000|  0%| F|  |TAMS 0x0000000089600000| PB 0x0000000089600000| Untracked 
| 105|0x0000000089700000, 0x0000000089800000, 0x0000000089800000|100%| S|CS|TAMS 0x0000000089700000| PB 0x0000000089700000| Complete 
| 106|0x0000000089800000, 0x0000000089900000, 0x0000000089900000|100%| S|CS|TAMS 0x0000000089800000| PB 0x0000000089800000| Complete 
| 107|0x0000000089900000, 0x0000000089a00000, 0x0000000089a00000|100%| S|CS|TAMS 0x0000000089900000| PB 0x0000000089900000| Complete 
| 108|0x0000000089a00000, 0x0000000089a00000, 0x0000000089b00000|  0%| F|  |TAMS 0x0000000089a00000| PB 0x0000000089a00000| Untracked 
| 109|0x0000000089b00000, 0x0000000089b00000, 0x0000000089c00000|  0%| F|  |TAMS 0x0000000089b00000| PB 0x0000000089b00000| Untracked 
| 110|0x0000000089c00000, 0x0000000089c00000, 0x0000000089d00000|  0%| F|  |TAMS 0x0000000089c00000| PB 0x0000000089c00000| Untracked 
| 111|0x0000000089d00000, 0x0000000089d5c2b0, 0x0000000089e00000| 36%| E|  |TAMS 0x0000000089d00000| PB 0x0000000089d00000| Complete 
| 112|0x0000000089e00000, 0x0000000089f00000, 0x0000000089f00000|100%| E|CS|TAMS 0x0000000089e00000| PB 0x0000000089e00000| Complete 
| 113|0x0000000089f00000, 0x000000008a000000, 0x000000008a000000|100%| E|CS|TAMS 0x0000000089f00000| PB 0x0000000089f00000| Complete 
| 114|0x000000008a000000, 0x000000008a100000, 0x000000008a100000|100%| E|CS|TAMS 0x000000008a000000| PB 0x000000008a000000| Complete 
| 115|0x000000008a100000, 0x000000008a200000, 0x000000008a200000|100%| E|CS|TAMS 0x000000008a100000| PB 0x000000008a100000| Complete 
| 116|0x000000008a200000, 0x000000008a300000, 0x000000008a300000|100%| E|CS|TAMS 0x000000008a200000| PB 0x000000008a200000| Complete 
| 117|0x000000008a300000, 0x000000008a400000, 0x000000008a400000|100%| E|CS|TAMS 0x000000008a300000| PB 0x000000008a300000| Complete 
| 118|0x000000008a400000, 0x000000008a500000, 0x000000008a500000|100%| E|CS|TAMS 0x000000008a400000| PB 0x000000008a400000| Complete 
| 119|0x000000008a500000, 0x000000008a600000, 0x000000008a600000|100%| E|CS|TAMS 0x000000008a500000| PB 0x000000008a500000| Complete 
| 120|0x000000008a600000, 0x000000008a700000, 0x000000008a700000|100%| E|CS|TAMS 0x000000008a600000| PB 0x000000008a600000| Complete 
| 121|0x000000008a700000, 0x000000008a800000, 0x000000008a800000|100%| E|CS|TAMS 0x000000008a700000| PB 0x000000008a700000| Complete 
| 122|0x000000008a800000, 0x000000008a900000, 0x000000008a900000|100%| E|CS|TAMS 0x000000008a800000| PB 0x000000008a800000| Complete 
| 123|0x000000008a900000, 0x000000008aa00000, 0x000000008aa00000|100%| E|CS|TAMS 0x000000008a900000| PB 0x000000008a900000| Complete 
| 124|0x000000008aa00000, 0x000000008ab00000, 0x000000008ab00000|100%| E|CS|TAMS 0x000000008aa00000| PB 0x000000008aa00000| Complete 
| 125|0x000000008ab00000, 0x000000008ac00000, 0x000000008ac00000|100%| E|CS|TAMS 0x000000008ab00000| PB 0x000000008ab00000| Complete 

Card table byte_map: [0x000002bcd1be0000,0x000002bcd1fd0000] _byte_map_base: 0x000002bcd17c9000

Marking Bits: (CMBitMap*) 0x000002bcbeea3f10
 Bits: [0x000002bcd1fd0000, 0x000002bcd3f18000)

Polling page: 0x000002bcbcef0000

Metaspace:

Usage:
  Non-class:     13.19 MB used.
      Class:      1.76 MB used.
       Both:     14.96 MB used.

Virtual space:
  Non-class space:       64.00 MB reserved,      13.38 MB ( 21%) committed,  1 nodes.
      Class space:        1.00 GB reserved,       1.94 MB ( <1%) committed,  1 nodes.
             Both:        1.06 GB reserved,      15.31 MB (  1%) committed. 

Chunk freelists:
   Non-Class:  2.06 MB
       Class:  13.98 MB
        Both:  16.05 MB

MaxMetaspaceSize: unlimited
CompressedClassSpaceSize: 1.00 GB
Initial GC threshold: 21.00 MB
Current GC threshold: 21.00 MB
CDS: on
 - commit_granule_bytes: 65536.
 - commit_granule_words: 8192.
 - virtual_space_node_default_size: 8388608.
 - enlarge_chunks_in_place: 1.
 - use_allocation_guard: 0.


Internal statistics:

num_allocs_failed_limit: 0.
num_arena_births: 376.
num_arena_deaths: 0.
num_vsnodes_births: 2.
num_vsnodes_deaths: 0.
num_space_committed: 245.
num_space_uncommitted: 0.
num_chunks_returned_to_freelist: 0.
num_chunks_taken_from_freelist: 765.
num_chunk_merges: 0.
num_chunk_splits: 456.
num_chunks_enlarged: 279.
num_inconsistent_stats: 0.

CodeHeap 'non-profiled nmethods': size=120000Kb used=707Kb max_used=707Kb free=119292Kb
 bounds [0x000002bcca2c0000, 0x000002bcca530000, 0x000002bcd17f0000]
CodeHeap 'profiled nmethods': size=120000Kb used=3535Kb max_used=3535Kb free=116464Kb
 bounds [0x000002bcc27f0000, 0x000002bcc2b70000, 0x000002bcc9d20000]
CodeHeap 'non-nmethods': size=5760Kb used=1480Kb max_used=1498Kb free=4279Kb
 bounds [0x000002bcc9d20000, 0x000002bcc9f90000, 0x000002bcca2c0000]
 total_blobs=2512 nmethods=1953 adapters=464
 compilation: enabled
              stopped_count=0, restarted_count=0
 full_count=0

Compilation events (20 events):
Event: 2.206 Thread 0x000002bcd63e94a0 nmethod 1942 0x000002bcc2b5fb10 code [0x000002bcc2b5fcc0, 0x000002bcc2b5fe28]
Event: 2.206 Thread 0x000002bcd63e94a0 1943       3       java.lang.Module::allows (60 bytes)
Event: 2.206 Thread 0x000002bcd63e94a0 nmethod 1943 0x000002bcc2b5ff10 code [0x000002bcc2b60120, 0x000002bcc2b60720]
Event: 2.209 Thread 0x000002bcd63e94a0 1944       3       java.lang.invoke.MethodHandle::setAsTypeCache (33 bytes)
Event: 2.209 Thread 0x000002bcd63e94a0 nmethod 1944 0x000002bcc2b60890 code [0x000002bcc2b60aa0, 0x000002bcc2b61090]
Event: 2.210 Thread 0x000002bcd63e94a0 1945       3       java.util.ImmutableCollections$Set12::contains (28 bytes)
Event: 2.210 Thread 0x000002bcd63e94a0 nmethod 1945 0x000002bcc2b61290 code [0x000002bcc2b61460, 0x000002bcc2b61798]
Event: 2.213 Thread 0x000002bcd63e94a0 1946       3       java.lang.Math::addExact (32 bytes)
Event: 2.213 Thread 0x000002bcd63e94a0 nmethod 1946 0x000002bcc2b61890 code [0x000002bcc2b61a40, 0x000002bcc2b61c40]
Event: 2.213 Thread 0x000002bcd63e94a0 1947       3       java.util.zip.Inflater$InflaterZStreamRef::<init> (30 bytes)
Event: 2.213 Thread 0x000002bcd63e94a0 nmethod 1947 0x000002bcc2b61d10 code [0x000002bcc2b61ee0, 0x000002bcc2b621a8]
Event: 2.214 Thread 0x000002bcd63e94a0 1948       3       java.lang.Module::implIsExportedOrOpen (92 bytes)
Event: 2.214 Thread 0x000002bcd63e94a0 nmethod 1948 0x000002bcc2b62290 code [0x000002bcc2b624c0, 0x000002bcc2b62ba8]
Event: 2.214 Thread 0x000002bcd63e6a00 1949       4       java.lang.invoke.MethodType::methodType (69 bytes)
Event: 2.215 Thread 0x000002bcd63e94a0 1951       3       java.lang.Thread::onSpinWait (1 bytes)
Event: 2.215 Thread 0x000002bcd63e94a0 nmethod 1951 0x000002bcc2b62d90 code [0x000002bcc2b62f20, 0x000002bcc2b63008]
Event: 2.216 Thread 0x000002bcd63e94a0 1952       3       java.lang.invoke.DelegatingMethodHandle::<init> (10 bytes)
Event: 2.216 Thread 0x000002bcd63e94a0 nmethod 1952 0x000002bcc2b63090 code [0x000002bcc2b63260, 0x000002bcc2b63620]
Event: 2.216 Thread 0x000002bcd63e94a0 1953       3       java.lang.invoke.DelegatingMethodHandle::chooseDelegatingForm (24 bytes)
Event: 2.217 Thread 0x000002bcd63e94a0 nmethod 1953 0x000002bcc2b63790 code [0x000002bcc2b63960, 0x000002bcc2b63c80]

GC Heap History (4 events):
Event: 0.458 GC heap before
{Heap before GC invocations=0 (full 0):
 garbage-first heap   total 129024K, used 12288K [0x0000000082e00000, 0x0000000100000000)
  region size 1024K, 13 young (13312K), 0 survivors (0K)
 Metaspace       used 5843K, committed 6016K, reserved 1114112K
  class space    used 623K, committed 704K, reserved 1048576K
}
Event: 0.461 GC heap after
{Heap after GC invocations=1 (full 0):
 garbage-first heap   total 129024K, used 3610K [0x0000000082e00000, 0x0000000100000000)
  region size 1024K, 2 young (2048K), 2 survivors (2048K)
 Metaspace       used 5843K, committed 6016K, reserved 1114112K
  class space    used 623K, committed 704K, reserved 1048576K
}
Event: 1.888 GC heap before
{Heap before GC invocations=1 (full 0):
 garbage-first heap   total 129024K, used 18970K [0x0000000082e00000, 0x0000000100000000)
  region size 1024K, 18 young (18432K), 2 survivors (2048K)
 Metaspace       used 11713K, committed 12032K, reserved 1114112K
  class space    used 1345K, committed 1472K, reserved 1048576K
}
Event: 1.891 GC heap after
{Heap after GC invocations=2 (full 0):
 garbage-first heap   total 129024K, used 7116K [0x0000000082e00000, 0x0000000100000000)
  region size 1024K, 3 young (3072K), 3 survivors (3072K)
 Metaspace       used 11713K, committed 12032K, reserved 1114112K
  class space    used 1345K, committed 1472K, reserved 1048576K
}

Dll operation events (8 events):
Event: 0.006 Loaded shared library C:\Users\cd03184\.p2\pool\plugins\org.eclipse.justj.openjdk.hotspot.jre.full.win32.x86_64_21.0.6.v20250130-0529\jre\bin\java.dll
Event: 0.031 Loaded shared library C:\Users\cd03184\.p2\pool\plugins\org.eclipse.justj.openjdk.hotspot.jre.full.win32.x86_64_21.0.6.v20250130-0529\jre\bin\zip.dll
Event: 0.077 Loaded shared library C:\Users\cd03184\.p2\pool\plugins\org.eclipse.justj.openjdk.hotspot.jre.full.win32.x86_64_21.0.6.v20250130-0529\jre\bin\net.dll
Event: 0.079 Loaded shared library C:\Users\cd03184\.p2\pool\plugins\org.eclipse.justj.openjdk.hotspot.jre.full.win32.x86_64_21.0.6.v20250130-0529\jre\bin\nio.dll
Event: 0.083 Loaded shared library C:\Users\cd03184\.p2\pool\plugins\org.eclipse.justj.openjdk.hotspot.jre.full.win32.x86_64_21.0.6.v20250130-0529\jre\bin\zip.dll
Event: 0.199 Loaded shared library C:\Users\cd03184\.p2\pool\plugins\org.eclipse.justj.openjdk.hotspot.jre.full.win32.x86_64_21.0.6.v20250130-0529\jre\bin\jimage.dll
Event: 0.276 Loaded shared library C:\Users\cd03184\.p2\pool\plugins\org.eclipse.justj.openjdk.hotspot.jre.full.win32.x86_64_21.0.6.v20250130-0529\jre\bin\extnet.dll
Event: 1.944 Loaded shared library C:\Users\cd03184\.p2\pool\plugins\org.eclipse.justj.openjdk.hotspot.jre.full.win32.x86_64_21.0.6.v20250130-0529\jre\bin\sunmscapi.dll

Deoptimization events (20 events):
Event: 1.897 Thread 0x000002bcbee4d6b0 DEOPT PACKING pc=0x000002bcc2ac260b sp=0x000000eba6afb840
Event: 1.897 Thread 0x000002bcbee4d6b0 DEOPT UNPACKING pc=0x000002bcc9d74e42 sp=0x000000eba6afacb8 mode 0
Event: 1.898 Thread 0x000002bcbee4d6b0 DEOPT PACKING pc=0x000002bcc2ac260b sp=0x000000eba6afb840
Event: 1.898 Thread 0x000002bcbee4d6b0 DEOPT UNPACKING pc=0x000002bcc9d74e42 sp=0x000000eba6afacb8 mode 0
Event: 1.959 Thread 0x000002bcbee4d6b0 Uncommon trap: trap_request=0xffffff45 fr.pc=0x000002bcca3506b4 relative=0x0000000000000254
Event: 1.959 Thread 0x000002bcbee4d6b0 Uncommon trap: reason=unstable_if action=reinterpret pc=0x000002bcca3506b4 method=java.util.HashMap.putVal(ILjava/lang/Object;Ljava/lang/Object;ZZ)Ljava/lang/Object; @ 162 c2
Event: 1.959 Thread 0x000002bcbee4d6b0 DEOPT PACKING pc=0x000002bcca3506b4 sp=0x000000eba6afac00
Event: 1.959 Thread 0x000002bcbee4d6b0 DEOPT UNPACKING pc=0x000002bcc9d746a2 sp=0x000000eba6afab38 mode 2
Event: 2.012 Thread 0x000002bcbee4d6b0 Uncommon trap: trap_request=0xffffffde fr.pc=0x000002bcca32cb9c relative=0x000000000000033c
Event: 2.012 Thread 0x000002bcbee4d6b0 Uncommon trap: reason=class_check action=maybe_recompile pc=0x000002bcca32cb9c method=java.util.regex.Pattern$BmpCharPropertyGreedy.match(Ljava/util/regex/Matcher;ILjava/lang/CharSequence;)Z @ 26 c2
Event: 2.012 Thread 0x000002bcbee4d6b0 DEOPT PACKING pc=0x000002bcca32cb9c sp=0x000000eba6afc850
Event: 2.012 Thread 0x000002bcbee4d6b0 DEOPT UNPACKING pc=0x000002bcc9d746a2 sp=0x000000eba6afc808 mode 2
Event: 2.012 Thread 0x000002bcbee4d6b0 Uncommon trap: trap_request=0xffffffde fr.pc=0x000002bcca32cb9c relative=0x000000000000033c
Event: 2.012 Thread 0x000002bcbee4d6b0 Uncommon trap: reason=class_check action=maybe_recompile pc=0x000002bcca32cb9c method=java.util.regex.Pattern$BmpCharPropertyGreedy.match(Ljava/util/regex/Matcher;ILjava/lang/CharSequence;)Z @ 26 c2
Event: 2.012 Thread 0x000002bcbee4d6b0 DEOPT PACKING pc=0x000002bcca32cb9c sp=0x000000eba6afc850
Event: 2.012 Thread 0x000002bcbee4d6b0 DEOPT UNPACKING pc=0x000002bcc9d746a2 sp=0x000000eba6afc808 mode 2
Event: 2.036 Thread 0x000002bd1c7e4cf0 Uncommon trap: trap_request=0xffffffde fr.pc=0x000002bcca32cb9c relative=0x000000000000033c
Event: 2.036 Thread 0x000002bd1c7e4cf0 Uncommon trap: reason=class_check action=maybe_recompile pc=0x000002bcca32cb9c method=java.util.regex.Pattern$BmpCharPropertyGreedy.match(Ljava/util/regex/Matcher;ILjava/lang/CharSequence;)Z @ 26 c2
Event: 2.036 Thread 0x000002bd1c7e4cf0 DEOPT PACKING pc=0x000002bcca32cb9c sp=0x000000eba87fe590
Event: 2.036 Thread 0x000002bd1c7e4cf0 DEOPT UNPACKING pc=0x000002bcc9d746a2 sp=0x000000eba87fe528 mode 2

Classes loaded (20 events):
Event: 2.214 Loading class sun/nio/ch/SelectionKeyImpl
Event: 2.214 Loading class java/nio/channels/spi/AbstractSelectionKey
Event: 2.214 Loading class java/nio/channels/SelectionKey
Event: 2.214 Loading class java/nio/channels/SelectionKey done
Event: 2.214 Loading class java/nio/channels/spi/AbstractSelectionKey done
Event: 2.214 Loading class sun/nio/ch/SelectionKeyImpl done
Event: 2.214 Loading class java/lang/invoke/ConstantBootstraps
Event: 2.214 Loading class java/lang/invoke/ConstantBootstraps done
Event: 2.215 Loading class java/util/concurrent/CompletableFuture$UniRelay
Event: 2.215 Loading class java/util/concurrent/CompletableFuture$UniRelay done
Event: 2.222 Loading class sun/nio/ch/IOVecWrapper
Event: 2.222 Loading class sun/nio/ch/IOVecWrapper done
Event: 2.222 Loading class sun/nio/ch/AllocatedNativeObject
Event: 2.222 Loading class sun/nio/ch/NativeObject
Event: 2.222 Loading class sun/nio/ch/NativeObject done
Event: 2.222 Loading class sun/nio/ch/AllocatedNativeObject done
Event: 2.222 Loading class sun/nio/ch/IOVecWrapper$Deallocator
Event: 2.222 Loading class sun/nio/ch/IOVecWrapper$Deallocator done
Event: 2.226 Loading class java/util/concurrent/CompletableFuture$UniApply
Event: 2.226 Loading class java/util/concurrent/CompletableFuture$UniApply done

Classes unloaded (0 events):
No events

Classes redefined (0 events):
No events

Internal exceptions (20 events):
Event: 1.749 Thread 0x000002bcbee4d6b0 Exception <a 'java/lang/NoSuchMethodError'{0x000000008a1b7900}: 'int java.lang.invoke.DirectMethodHandle$Holder.invokeStatic(java.lang.Object, long)'> (0x000000008a1b7900) 
thrown [s\src\hotspot\share\interpreter\linkResolver.cpp, line 773]
Event: 1.752 Thread 0x000002bcbee4d6b0 Exception <a 'java/lang/NoSuchMethodError'{0x000000008a1cbb50}: 'int java.lang.invoke.DirectMethodHandle$Holder.invokeSpecial(java.lang.Object, java.lang.Object, java.lang.Object, java.lang.Object)'> (0x000000008a1cbb50) 
thrown [s\src\hotspot\share\interpreter\linkResolver.cpp, line 773]
Event: 1.753 Thread 0x000002bcbee4d6b0 Exception <a 'java/lang/NoSuchMethodError'{0x000000008a1dcad0}: 'java.lang.Object java.lang.invoke.DirectMethodHandle$Holder.invokeStatic(java.lang.Object, int, java.lang.Object, java.lang.Object)'> (0x000000008a1dcad0) 
thrown [s\src\hotspot\share\interpreter\linkResolver.cpp, line 773]
Event: 1.753 Thread 0x000002bcbee4d6b0 Exception <a 'java/lang/NoSuchMethodError'{0x000000008a1e0a20}: 'java.lang.Object java.lang.invoke.DirectMethodHandle$Holder.invokeSpecial(java.lang.Object, java.lang.Object, int, java.lang.Object, java.lang.Object)'> (0x000000008a1e0a20) 
thrown [s\src\hotspot\share\interpreter\linkResolver.cpp, line 773]
Event: 1.754 Thread 0x000002bcbee4d6b0 Exception <a 'java/lang/NoSuchMethodError'{0x000000008a1e41a0}: 'java.lang.Object java.lang.invoke.DelegatingMethodHandle$Holder.delegate(java.lang.Object, int, java.lang.Object, java.lang.Object)'> (0x000000008a1e41a0) 
thrown [s\src\hotspot\share\interpreter\linkResolver.cpp, line 773]
Event: 1.755 Thread 0x000002bcbee4d6b0 Exception <a 'java/lang/NoSuchMethodError'{0x000000008a1f3bc0}: 'int java.lang.invoke.Invokers$Holder.linkToTargetMethod(java.lang.Object, java.lang.Object, java.lang.Object)'> (0x000000008a1f3bc0) 
thrown [s\src\hotspot\share\interpreter\linkResolver.cpp, line 773]
Event: 1.758 Thread 0x000002bcbee4d6b0 Exception <a 'java/lang/NoSuchMethodError'{0x000000008a025ef0}: 'long java.lang.invoke.DirectMethodHandle$Holder.invokeSpecial(java.lang.Object, java.lang.Object)'> (0x000000008a025ef0) 
thrown [s\src\hotspot\share\interpreter\linkResolver.cpp, line 773]
Event: 1.810 Thread 0x000002bcbee4d6b0 Exception <a 'sun/nio/fs/WindowsException'{0x0000000089f7fed8}> (0x0000000089f7fed8) 
thrown [s\src\hotspot\share\prims\jni.cpp, line 520]
Event: 2.010 Thread 0x000002bcbee4d6b0 Exception <a 'java/lang/NoSuchMethodError'{0x000000008a444000}: 'java.lang.Object java.lang.invoke.DirectMethodHandle$Holder.invokeInterface(java.lang.Object, java.lang.Object, java.lang.Object)'> (0x000000008a444000) 
thrown [s\src\hotspot\share\interpreter\linkResolver.cpp, line 773]
Event: 2.010 Thread 0x000002bcbee4d6b0 Exception <a 'java/lang/IncompatibleClassChangeError'{0x000000008a447408}: Found class java.lang.Object, but interface was expected> (0x000000008a447408) 
thrown [s\src\hotspot\share\interpreter\linkResolver.cpp, line 840]
Event: 2.012 Thread 0x000002bcbee4d6b0 Exception <a 'java/lang/NoSuchMethodError'{0x000000008a44eeb8}: 'int java.lang.invoke.DirectMethodHandle$Holder.invokeSpecialIFC(java.lang.Object, java.lang.Object, java.lang.Object, java.lang.Object)'> (0x000000008a44eeb8) 
thrown [s\src\hotspot\share\interpreter\linkResolver.cpp, line 773]
Event: 2.014 Thread 0x000002bcbee4d6b0 Exception <a 'java/lang/NoSuchMethodError'{0x000000008a471ad0}: 'java.lang.Object java.lang.invoke.DirectMethodHandle$Holder.invokeVirtual(java.lang.Object, java.lang.Object, java.lang.Object, java.lang.Object)'> (0x000000008a471ad0) 
thrown [s\src\hotspot\share\interpreter\linkResolver.cpp, line 773]
Event: 2.042 Thread 0x000002bd1c7e4cf0 Exception <a 'java/net/ConnectException'{0x000000008a30a680}: Connection refused: getsockopt> (0x000000008a30a680) 
thrown [s\src\hotspot\share\prims\jni.cpp, line 539]
Event: 2.075 Thread 0x000002bd1c7e4cf0 Exception <a 'java/net/ConnectException'{0x000000008a30b7d0}: Connection refused: getsockopt> (0x000000008a30b7d0) 
thrown [s\src\hotspot\share\prims\jni.cpp, line 539]
Event: 2.147 Thread 0x000002bcbee4d6b0 Exception <a 'java/lang/NoSuchMethodError'{0x000000008a218268}: 'java.lang.Object java.lang.invoke.DirectMethodHandle$Holder.newInvokeSpecial(java.lang.Object, java.lang.Object, int, int)'> (0x000000008a218268) 
thrown [s\src\hotspot\share\interpreter\linkResolver.cpp, line 773]
Event: 2.149 Thread 0x000002bcbee4d6b0 Exception <a 'java/lang/NoSuchMethodError'{0x000000008a222d10}: 'void java.lang.invoke.DirectMethodHandle$Holder.invokeStatic(java.lang.Object, java.lang.Object, int)'> (0x000000008a222d10) 
thrown [s\src\hotspot\share\interpreter\linkResolver.cpp, line 773]
Event: 2.157 Thread 0x000002bcbee4d6b0 Exception <a 'java/lang/NoSuchMethodError'{0x000000008a2990e0}: 'java.lang.Object java.lang.invoke.DirectMethodHandle$Holder.newInvokeSpecial(java.lang.Object, java.lang.Object, java.lang.Object, java.lang.Object, java.lang.Object)'> (0x000000008a2990e0) 
thrown [s\src\hotspot\share\interpreter\linkResolver.cpp, line 773]
Event: 2.193 Thread 0x000002bd1cae9e00 Exception <a 'java/lang/NoSuchMethodError'{0x000000008a0ab058}: 'java.lang.Object java.lang.invoke.DirectMethodHandle$Holder.invokeSpecial(java.lang.Object, java.lang.Object, java.lang.Object, java.lang.Object, int)'> (0x000000008a0ab058) 
thrown [s\src\hotspot\share\interpreter\linkResolver.cpp, line 773]
Event: 2.193 Thread 0x000002bd1cae9e00 Exception <a 'java/lang/NoSuchMethodError'{0x000000008a0ae9c0}: 'java.lang.Object java.lang.invoke.Invokers$Holder.linkToTargetMethod(java.lang.Object, java.lang.Object, int, java.lang.Object)'> (0x000000008a0ae9c0) 
thrown [s\src\hotspot\share\interpreter\linkResolver.cpp, line 773]
Event: 2.208 Thread 0x000002bd1cae9e00 Exception <a 'java/lang/NoSuchMethodError'{0x0000000089fc4008}: 'void java.lang.invoke.DirectMethodHandle$Holder.invokeSpecial(java.lang.Object, java.lang.Object, java.lang.Object, java.lang.Object, java.lang.Object)'> (0x0000000089fc4008) 
thrown [s\src\hotspot\share\interpreter\linkResolver.cpp, line 773]

ZGC Phase Switch (0 events):
No events

VM Operations (20 events):
Event: 0.636 Executing VM operation: HandshakeAllThreads (Deoptimize)
Event: 0.636 Executing VM operation: HandshakeAllThreads (Deoptimize) done
Event: 1.640 Executing VM operation: Cleanup
Event: 1.640 Executing VM operation: Cleanup done
Event: 1.744 Executing VM operation: HandshakeAllThreads (Deoptimize)
Event: 1.744 Executing VM operation: HandshakeAllThreads (Deoptimize) done
Event: 1.782 Executing VM operation: HandshakeAllThreads (Deoptimize)
Event: 1.782 Executing VM operation: HandshakeAllThreads (Deoptimize) done
Event: 1.867 Executing VM operation: HandshakeAllThreads (Deoptimize)
Event: 1.867 Executing VM operation: HandshakeAllThreads (Deoptimize) done
Event: 1.888 Executing VM operation: G1CollectForAllocation (G1 Evacuation Pause)
Event: 1.891 Executing VM operation: G1CollectForAllocation (G1 Evacuation Pause) done
Event: 1.960 Executing VM operation: HandshakeAllThreads (Deoptimize)
Event: 1.960 Executing VM operation: HandshakeAllThreads (Deoptimize) done
Event: 2.028 Executing VM operation: HandshakeAllThreads (Deoptimize)
Event: 2.028 Executing VM operation: HandshakeAllThreads (Deoptimize) done
Event: 2.028 Executing VM operation: HandshakeAllThreads (Deoptimize)
Event: 2.028 Executing VM operation: HandshakeAllThreads (Deoptimize) done
Event: 2.117 Executing VM operation: HandshakeAllThreads (Deoptimize)
Event: 2.117 Executing VM operation: HandshakeAllThreads (Deoptimize) done

Memory protections (0 events):
No events

Nmethod flushes (0 events):
No events

Events (20 events):
Event: 0.033 Thread 0x000002bcbee4d6b0 Thread added: 0x000002bcd63e6a00
Event: 0.033 Thread 0x000002bcbee4d6b0 Thread added: 0x000002bcd63e94a0
Event: 0.073 Thread 0x000002bcbee4d6b0 Thread added: 0x000002bcd6524080
Event: 0.074 Thread 0x000002bcbee4d6b0 Thread added: 0x000002bcd652dc90
Event: 0.107 Thread 0x000002bcd63e94a0 Thread added: 0x000002bcd65eb280
Event: 0.283 Thread 0x000002bcbee4d6b0 Thread added: 0x000002bd1c0fc570
Event: 0.708 Thread 0x000002bcbee4d6b0 Thread added: 0x000002bd1c7378f0
Event: 1.670 Thread 0x000002bcd65eb280 Thread exited: 0x000002bcd65eb280
Event: 1.671 Thread 0x000002bd1c7378f0 Thread exited: 0x000002bd1c7378f0
Event: 1.715 Thread 0x000002bcbee4d6b0 Thread added: 0x000002bcd65eb1d0
Event: 1.849 Thread 0x000002bcd63e6a00 Thread added: 0x000002bd1c780fe0
Event: 1.996 Thread 0x000002bcbee4d6b0 Thread added: 0x000002bd1c7e8da0
Event: 2.027 Thread 0x000002bcbee4d6b0 Thread added: 0x000002bd1c7c23a0
Event: 2.028 Thread 0x000002bcbee4d6b0 Thread added: 0x000002bd1c7ea410
Event: 2.029 Thread 0x000002bcbee4d6b0 Thread added: 0x000002bd1c7c2e10
Event: 2.032 Thread 0x000002bd1c7ea410 Thread added: 0x000002bd1c7e4cf0
Event: 2.116 Thread 0x000002bd1c7e4cf0 Thread added: 0x000002bd1c7d0100
Event: 2.181 Thread 0x000002bcbee4d6b0 Thread added: 0x000002bd1cae9e00
Event: 2.217 Thread 0x000002bd1c7e8da0 Thread added: 0x000002bd1caeb840
Event: 2.217 Thread 0x000002bd1c7e8da0 Thread added: 0x000002bd1caea490


Dynamic libraries:
0x00007ff6112d0000 - 0x00007ff6112de000 	C:\Users\cd03184\.p2\pool\plugins\org.eclipse.justj.openjdk.hotspot.jre.full.win32.x86_64_21.0.6.v20250130-0529\jre\bin\javaw.exe
0x00007ffb82590000 - 0x00007ffb82788000 	C:\Windows\SYSTEM32\ntdll.dll
0x00007ffb81790000 - 0x00007ffb8184f000 	C:\Windows\System32\KERNEL32.DLL
0x00007ffb7ff70000 - 0x00007ffb80242000 	C:\Windows\System32\KERNELBASE.dll
0x00007ffb803b0000 - 0x00007ffb804b0000 	C:\Windows\System32\ucrtbase.dll
0x00007ffb6df80000 - 0x00007ffb6df9e000 	C:\Users\cd03184\.p2\pool\plugins\org.eclipse.justj.openjdk.hotspot.jre.full.win32.x86_64_21.0.6.v20250130-0529\jre\bin\VCRUNTIME140.dll
0x00007ffb6df50000 - 0x00007ffb6df68000 	C:\Users\cd03184\.p2\pool\plugins\org.eclipse.justj.openjdk.hotspot.jre.full.win32.x86_64_21.0.6.v20250130-0529\jre\bin\jli.dll
0x00007ffb81f80000 - 0x00007ffb82121000 	C:\Windows\System32\USER32.dll
0x00007ffb80350000 - 0x00007ffb80372000 	C:\Windows\System32\win32u.dll
0x00007ffb6d240000 - 0x00007ffb6d4da000 	C:\Windows\WinSxS\amd64_microsoft.windows.common-controls_6595b64144ccf1df_6.0.19041.1110_none_60b5254171f9507e\COMCTL32.dll
0x00007ffb81d70000 - 0x00007ffb81d9b000 	C:\Windows\System32\GDI32.dll
0x00007ffb81500000 - 0x00007ffb8159e000 	C:\Windows\System32\msvcrt.dll
0x00007ffb7fd00000 - 0x00007ffb7fe0f000 	C:\Windows\System32\gdi32full.dll
0x00007ffb804b0000 - 0x00007ffb8054d000 	C:\Windows\System32\msvcp_win.dll
0x00007ffb814c0000 - 0x00007ffb814f2000 	C:\Windows\System32\IMM32.DLL
0x00007ffb7c540000 - 0x00007ffb7c54c000 	C:\Users\cd03184\.p2\pool\plugins\org.eclipse.justj.openjdk.hotspot.jre.full.win32.x86_64_21.0.6.v20250130-0529\jre\bin\vcruntime140_1.dll
0x00007ffb6a410000 - 0x00007ffb6a49d000 	C:\Users\cd03184\.p2\pool\plugins\org.eclipse.justj.openjdk.hotspot.jre.full.win32.x86_64_21.0.6.v20250130-0529\jre\bin\msvcp140.dll
0x00007ffb32090000 - 0x00007ffb32e20000 	C:\Users\cd03184\.p2\pool\plugins\org.eclipse.justj.openjdk.hotspot.jre.full.win32.x86_64_21.0.6.v20250130-0529\jre\bin\server\jvm.dll
0x00007ffb81da0000 - 0x00007ffb81e4e000 	C:\Windows\System32\ADVAPI32.dll
0x00007ffb81260000 - 0x00007ffb812fc000 	C:\Windows\System32\sechost.dll
0x00007ffb823f0000 - 0x00007ffb82515000 	C:\Windows\System32\RPCRT4.dll
0x00007ffb82380000 - 0x00007ffb823eb000 	C:\Windows\System32\WS2_32.dll
0x00007ffb7fac0000 - 0x00007ffb7fb0b000 	C:\Windows\SYSTEM32\POWRPROF.dll
0x00007ffb6db50000 - 0x00007ffb6db77000 	C:\Windows\SYSTEM32\WINMM.dll
0x00007ffb79e20000 - 0x00007ffb79e2a000 	C:\Windows\SYSTEM32\VERSION.dll
0x00007ffb7faa0000 - 0x00007ffb7fab2000 	C:\Windows\SYSTEM32\UMPDC.dll
0x00007ffb7da50000 - 0x00007ffb7da62000 	C:\Windows\SYSTEM32\kernel.appcore.dll
0x00007ffb7c590000 - 0x00007ffb7c59a000 	C:\Users\cd03184\.p2\pool\plugins\org.eclipse.justj.openjdk.hotspot.jre.full.win32.x86_64_21.0.6.v20250130-0529\jre\bin\jimage.dll
0x00007ffb6d900000 - 0x00007ffb6dae4000 	C:\Windows\SYSTEM32\DBGHELP.DLL
0x00007ffb6a960000 - 0x00007ffb6a995000 	C:\Windows\SYSTEM32\dbgcore.DLL
0x00007ffb802c0000 - 0x00007ffb80342000 	C:\Windows\System32\bcryptPrimitives.dll
0x00007ffb6e020000 - 0x00007ffb6e03f000 	C:\Users\cd03184\.p2\pool\plugins\org.eclipse.justj.openjdk.hotspot.jre.full.win32.x86_64_21.0.6.v20250130-0529\jre\bin\java.dll
0x00007ffb805a0000 - 0x00007ffb80ce4000 	C:\Windows\System32\SHELL32.dll
0x00007ffb7dd30000 - 0x00007ffb7e4c2000 	C:\Windows\SYSTEM32\windows.storage.dll
0x00007ffb80e20000 - 0x00007ffb81175000 	C:\Windows\System32\combase.dll
0x00007ffb7f5d0000 - 0x00007ffb7f600000 	C:\Windows\SYSTEM32\Wldp.dll
0x00007ffb81cc0000 - 0x00007ffb81d6d000 	C:\Windows\System32\SHCORE.dll
0x00007ffb81730000 - 0x00007ffb81785000 	C:\Windows\System32\shlwapi.dll
0x00007ffb7fb90000 - 0x00007ffb7fbaf000 	C:\Windows\SYSTEM32\profapi.dll
0x00007ffb6e000000 - 0x00007ffb6e018000 	C:\Users\cd03184\.p2\pool\plugins\org.eclipse.justj.openjdk.hotspot.jre.full.win32.x86_64_21.0.6.v20250130-0529\jre\bin\zip.dll
0x00007ffb7c580000 - 0x00007ffb7c590000 	C:\Users\cd03184\.p2\pool\plugins\org.eclipse.justj.openjdk.hotspot.jre.full.win32.x86_64_21.0.6.v20250130-0529\jre\bin\net.dll
0x00007ffb7ac30000 - 0x00007ffb7ad3c000 	C:\Windows\SYSTEM32\WINHTTP.dll
0x00007ffb7f330000 - 0x00007ffb7f39a000 	C:\Windows\system32\mswsock.dll
0x00007ffb6dfb0000 - 0x00007ffb6dfc6000 	C:\Users\cd03184\.p2\pool\plugins\org.eclipse.justj.openjdk.hotspot.jre.full.win32.x86_64_21.0.6.v20250130-0529\jre\bin\nio.dll
0x00007ffb7f060000 - 0x00007ffb7f12a000 	C:\Windows\SYSTEM32\DNSAPI.dll
0x00007ffb7f020000 - 0x00007ffb7f05b000 	C:\Windows\SYSTEM32\IPHLPAPI.DLL
0x00007ffb814b0000 - 0x00007ffb814b8000 	C:\Windows\System32\NSI.dll
0x00007ffb76900000 - 0x00007ffb7690a000 	C:\Windows\System32\rasadhlp.dll
0x00007ffb7aaf0000 - 0x00007ffb7ab70000 	C:\Windows\System32\fwpuclnt.dll
0x00007ffb80380000 - 0x00007ffb803a7000 	C:\Windows\System32\bcrypt.dll
0x00007ffb7d490000 - 0x00007ffb7d499000 	C:\Users\cd03184\.p2\pool\plugins\org.eclipse.justj.openjdk.hotspot.jre.full.win32.x86_64_21.0.6.v20250130-0529\jre\bin\extnet.dll
0x00007ffb7f530000 - 0x00007ffb7f548000 	C:\Windows\SYSTEM32\CRYPTSP.dll
0x00007ffb7ec50000 - 0x00007ffb7ec84000 	C:\Windows\system32\rsaenh.dll
0x00007ffb7fb50000 - 0x00007ffb7fb7e000 	C:\Windows\SYSTEM32\USERENV.dll
0x00007ffb7f520000 - 0x00007ffb7f52c000 	C:\Windows\SYSTEM32\CRYPTBASE.dll
0x00007ffb7d4a0000 - 0x00007ffb7d4ae000 	C:\Users\cd03184\.p2\pool\plugins\org.eclipse.justj.openjdk.hotspot.jre.full.win32.x86_64_21.0.6.v20250130-0529\jre\bin\sunmscapi.dll
0x00007ffb7fe10000 - 0x00007ffb7ff66000 	C:\Windows\System32\CRYPT32.dll
0x00007ffb7f640000 - 0x00007ffb7f667000 	C:\Windows\SYSTEM32\ncrypt.dll
0x00007ffb7f600000 - 0x00007ffb7f63b000 	C:\Windows\SYSTEM32\NTASN1.dll
0x00007ffb6d120000 - 0x00007ffb6d127000 	C:\Windows\system32\wshunix.dll

dbghelp: loaded successfully - version: 4.0.5 - missing functions: none
symbol engine: initialized successfully - sym options: 0x614 - pdb path: .;C:\Users\cd03184\.p2\pool\plugins\org.eclipse.justj.openjdk.hotspot.jre.full.win32.x86_64_21.0.6.v20250130-0529\jre\bin;C:\Windows\SYSTEM32;C:\Windows\WinSxS\amd64_microsoft.windows.common-controls_6595b64144ccf1df_6.0.19041.1110_none_60b5254171f9507e;C:\Users\cd03184\.p2\pool\plugins\org.eclipse.justj.openjdk.hotspot.jre.full.win32.x86_64_21.0.6.v20250130-0529\jre\bin\server

VM Arguments:
jvm_args: -ea -Dfile.encoding=UTF-8 -Dstdout.encoding=UTF-8 -Dstderr.encoding=UTF-8 -XX:+ShowCodeDetailsInExceptionMessages 
java_command: org.testng.remote.RemoteTestNG -serport 51871 -protocol json -d D:\eclipse\TrackingDashboard\test-output C:\Users\cd03184\AppData\Local\Temp\testng-eclipse-1789135657\testng-customsuite.xml
java_class_path (initial): C:\Users\cd03184\eclipse\jee-2025-032\eclipse\configuration\org.eclipse.osgi\1008\0\.cp\lib\testng-remote.jar;D:\eclipse\TrackingDashboard\target\test-classes;D:\eclipse\TrackingDashboard\target\classes;C:\Users\cd03184\.m2\repository\org\seleniumhq\selenium\selenium-java\4.22.0\selenium-java-4.22.0.jar;C:\Users\cd03184\.m2\repository\org\seleniumhq\selenium\selenium-api\4.22.0\selenium-api-4.22.0.jar;C:\Users\cd03184\.m2\repository\org\seleniumhq\selenium\selenium-chrome-driver\4.22.0\selenium-chrome-driver-4.22.0.jar;C:\Users\cd03184\.m2\repository\org\seleniumhq\selenium\selenium-chromium-driver\4.22.0\selenium-chromium-driver-4.22.0.jar;C:\Users\cd03184\.m2\repository\org\seleniumhq\selenium\selenium-manager\4.22.0\selenium-manager-4.22.0.jar;C:\Users\cd03184\.m2\repository\org\seleniumhq\selenium\selenium-devtools-v125\4.22.0\selenium-devtools-v125-4.22.0.jar;C:\Users\cd03184\.m2\repository\org\seleniumhq\selenium\selenium-devtools-v126\4.22.0\selenium-devtools-v126-4.22.0.jar;C:\Users\cd03184\.m2\repository\org\seleniumhq\selenium\selenium-devtools-v85\4.22.0\selenium-devtools-v85-4.22.0.jar;C:\Users\cd03184\.m2\repository\org\seleniumhq\selenium\selenium-edge-driver\4.22.0\selenium-edge-driver-4.22.0.jar;C:\Users\cd03184\.m2\repository\org\seleniumhq\selenium\selenium-firefox-driver\4.22.0\selenium-firefox-driver-4.22.0.jar;C:\Users\cd03184\.m2\repository\org\seleniumhq\selenium\selenium-http\4.22.0\selenium-http-4.22.0.jar;C:\Users\cd03184\.m2\repository\dev\failsafe\failsafe\3.3.2\failsafe-3.3.2.jar;C:\Users\cd03184\.m2\repository\org\seleniumhq\selenium\selenium-ie-driver\4.22.0\selenium-ie-driver-4.22.0.jar;C:\Users\cd03184\.m2\repository\org\seleniumhq\selenium\selenium-remote-driver\4.22.0\selenium-remote-driver-4.22.0.jar;C:\Users\cd03184\.m2\repository\com\google\guava\guava\33.2.1-jre\guava-33.2.1-jre.jar;C:\Users\cd03184\.m2\repository\com\google\guava\failureaccess\1.0.2\failureaccess-1.0.2.jar;C:\Users\cd03184\.m2\repository\com\google\guava\listenablefuture\9999.0-empty-to-avoid-conflict-with-guava\listenablefuture-9999.0-empty-to-avoid-conflict-with-guava.jar;C:\Users\cd03184\.m2\repository\com\google\code\findbugs\jsr305\3.0.2\jsr305-3.0.2.jar;C:\Users\cd03184\.m2\repository\org\checkerframework\checker-qual\3.42.0\checker-qual-3.42.0.jar;C:\Users\cd03184\.m2\repository\com\google\errorprone\error_prone_annotations\2.26.1\error_prone_annotations-2.26.1.jar;C:\Users\cd03184\.m2\repository\com\google\j2objc\j2objc-annotations\3.0.0\j2objc-annotations-3.0.0.jar;C:\Users\cd03184\.m2\repository\io\opentelemetry\semconv\opentelemetry-semconv\1.25.0-alpha\opentelemetry-semconv-1.25.0-alpha.jar;C:\Users\cd03184\.m2\repository\io\opentelemetry\opentelemetry-api\1.39.0\opentelemetry-api-1.39.0.jar;C:\Users\cd03184\.m2\repository\io\opentelemetry\opentelemetry-context\1.39.0\opentelemetry-context-1.39.0.jar;C:\Users\cd03184\.m2\repository\io\opentelemetry\opentelemetry-exporter-logging\1.39.0\opentelemetry-exporter-logging-1.39.0.jar;C:\Users\cd03184\.m2\repository\io\opentelemetry\opentelemetry-sdk-common\1.39.0\opentelemetry-sdk-common-1.39.0.jar;C:\Users\cd03184\.m2\repository\io\opentelemetry\opentelemetry-sdk-extension-autoconfigure-spi\1.39.0\opentelemetry-sdk-extension-autoconfigure-spi-1.39.0.jar;C:\Users\cd03184\.m2\repository\io\opentelemetry\opentelemetry-sdk-extension-autoconfigure\1.39.0\opentelemetry-sdk-extension-autoconfigure-1.39.0.jar;C:\Users\cd03184\.m2\repository\io\opentelemetry\opentelemetry-api-incubator\1.39.0-alpha\opentelemetry-api-incubator-1.39.0-alpha.jar;C:\Users\cd03184\.m2\repository\io\opentelemetry\opentelemetry-sdk-trace\1.39.0\opentelemetry-sdk-trace-1.39.0.jar;C:\Users\cd03184\.m2\repository\io\opentelemetry\opentelemetry-sdk\1.39.0\opentelemetry-sdk-1.39.0.jar;C:\Users\cd03184\.m2\repository\io\opentelemetry\opentelemetry-sdk-metrics\1.39.0\opentelemetry-sdk-metrics-1.39.0.jar;C:\Users\cd03184\.m2\repository\io\opentelemetry\opentelemetry-sdk-logs\1.39.0\opentelemetry-sdk-logs-1.39.0.jar;C:\Users\cd03184\.m2\repository\net\bytebuddy\byte-buddy\1.14.17\byte-buddy-1.14.17.jar;C:\Users\cd03184\.m2\repository\org\seleniumhq\selenium\selenium-os\4.22.0\selenium-os-4.22.0.jar;C:\Users\cd03184\.m2\repository\org\apache\commons\commons-exec\1.4.0\commons-exec-1.4.0.jar;C:\Users\cd03184\.m2\repository\org\seleniumhq\selenium\selenium-safari-driver\4.22.0\selenium-safari-driver-4.22.0.jar;C:\Users\cd03184\.m2\repository\org\seleniumhq\selenium\selenium-support\4.22.0\selenium-support-4.22.0.jar;C:\Users\cd03184\.m2\repository\org\testng\testng\7.4.0\testng-7.4.0.jar;C:\Users\cd03184\.m2\repository\com\beust\jcommander\1.78\jcommander-1.78.jar;C:\Users\cd03184\.m2\repository\org\webjars\jquery\3.5.1\jquery-3.5.1.jar;C:\Users\cd03184\.m2\repository\org\seleniumhq\selenium\selenium-devtools-v124\4.22.0\selenium-devtools-v124-4.22.0.jar;C:\Users\cd03184\.m2\repository\com\google\auto\service\auto-service-annotations\1.1.1\auto-service-annotations-1.1.1.jar;C:\Users\cd03184\.m2\repository\org\seleniumhq\selenium\selenium-json\4.22.0\selenium-json-4.22.0.jar
Launcher Type: SUN_STANDARD

[Global flags]
     intx CICompilerCount                          = 3                                         {product} {ergonomic}
     uint ConcGCThreads                            = 1                                         {product} {ergonomic}
     uint G1ConcRefinementThreads                  = 4                                         {product} {ergonomic}
   size_t G1HeapRegionSize                         = 1048576                                   {product} {ergonomic}
    uintx GCDrainStackTargetSize                   = 64                                        {product} {ergonomic}
   size_t InitialHeapSize                          = 132120576                                 {product} {ergonomic}
   size_t MarkStackSize                            = 4194304                                   {product} {ergonomic}
   size_t MaxHeapSize                              = 2099249152                                {product} {ergonomic}
   size_t MaxNewSize                               = 1259339776                                {product} {ergonomic}
   size_t MinHeapDeltaBytes                        = 1048576                                   {product} {ergonomic}
   size_t MinHeapSize                              = 8388608                                   {product} {ergonomic}
    uintx NonNMethodCodeHeapSize                   = 5832780                                {pd product} {ergonomic}
    uintx NonProfiledCodeHeapSize                  = 122912730                              {pd product} {ergonomic}
    uintx ProfiledCodeHeapSize                     = 122912730                              {pd product} {ergonomic}
    uintx ReservedCodeCacheSize                    = 251658240                              {pd product} {ergonomic}
     bool SegmentedCodeCache                       = true                                      {product} {ergonomic}
     bool ShowCodeDetailsInExceptionMessages       = true                                   {manageable} {command line}
   size_t SoftMaxHeapSize                          = 2099249152                             {manageable} {ergonomic}
     bool UseCompressedOops                        = true                           {product lp64_product} {ergonomic}
     bool UseG1GC                                  = true                                      {product} {ergonomic}
     bool UseLargePagesIndividualAllocation        = false                                  {pd product} {ergonomic}

Logging:
Log output configuration:
 #0: stdout all=warning uptime,level,tags foldmultilines=false
 #1: stderr all=off uptime,level,tags foldmultilines=false

Environment Variables:
PATH=C:/Users/cd03184/.p2/pool/plugins/org.eclipse.justj.openjdk.hotspot.jre.full.win32.x86_64_21.0.6.v20250130-0529/jre/bin/server;C:/Users/cd03184/.p2/pool/plugins/org.eclipse.justj.openjdk.hotspot.jre.full.win32.x86_64_21.0.6.v20250130-0529/jre/bin;C:\Program Files\Common Files\Oracle\Java\javapath;C:\Windows\system32;C:\Windows;C:\Windows\System32\Wbem;C:\Windows\System32\WindowsPowerShell\v1.0\;C:\Windows\System32\OpenSSH\;C:\Program Files\Microsoft SQL Server\Client SDK\ODBC\170\Tools\Binn\;C:\Program Files (x86)\Microsoft SQL Server\150\Tools\Binn\;C:\Program Files\Microsoft SQL Server\150\Tools\Binn\;C:\Program Files\Microsoft SQL Server\150\DTS\Binn\;C:\Program Files (x86)\Microsoft SQL Server\150\DTS\Binn\;%JAVA_HOME%bin;C:\Users\cd03184\AppData\Local\Microsoft\WindowsApps;;C:\Users\cd03184\Desktop;
USERNAME=cd03184
OS=Windows_NT
PROCESSOR_IDENTIFIER=Intel64 Family 6 Model 158 Stepping 11, GenuineIntel
TMP=C:\Users\cd03184\AppData\Local\Temp
TEMP=C:\Users\cd03184\AppData\Local\Temp




Periodic native trim disabled

---------------  S Y S T E M  ---------------

OS:
 Windows 10 , 64 bit Build 19041 (10.0.19041.2251)
OS uptime: 2 days 2:19 hours

CPU: total 4 (initial active 4) (4 cores per cpu, 1 threads per core) family 6 model 158 stepping 11 microcode 0xca, cx8, cmov, fxsr, mmx, 3dnowpref, sse, sse2, sse3, ssse3, sse4.1, sse4.2, popcnt, lzcnt, tsc, tscinvbit, avx, avx2, aes, erms, clmul, bmi1, bmi2, adx, fma, vzeroupper, clflush, clflushopt, rdtscp, f16c
Processor Information for the first 4 processors :
  Max Mhz: 3600, Current Mhz: 3600, Mhz Limit: 3600

Memory: 4k page, system-wide physical 8001M (540M free)
TotalPageFile size 20001M (AvailPageFile size 7M)
current process WorkingSet (physical memory assigned to process): 128M, peak: 129M
current process commit charge ("private bytes"): 259M, peak: 261M

vm_info: OpenJDK 64-Bit Server VM (21.0.6+7-LTS) for windows-amd64 JRE (21.0.6+7-LTS), built on 2025-01-21T00:00:00Z by "admin" with MS VC++ 17.7 (VS2022)

END.
